{"C:\\Users\\Usuario\\bootcamp\\collab\\skylab-bootcamp-201901\\staff\\sergio-costa\\arshop\\arshop-api\\src\\cors\\index.spec.js":{"path":"C:\\Users\\Usuario\\bootcamp\\collab\\skylab-bootcamp-201901\\staff\\sergio-costa\\arshop\\arshop-api\\src\\cors\\index.spec.js","statementMap":{},"fnMap":{},"branchMap":{},"s":{},"f":{},"b":{},"_coverageSchema":"43e27e138ebf9cfc5966b082cf9a028302ed4184","hash":"6e80f2e89e5ba28d0add2203eeff2b939b090ea2","contentHash":"05bf19725e81f8993e520829acc817e0f7017fc859c75994b9dc0d730b75994b"},"C:\\Users\\Usuario\\bootcamp\\collab\\skylab-bootcamp-201901\\staff\\sergio-costa\\arshop\\arshop-api\\src\\logic\\index.spec.js":{"path":"C:\\Users\\Usuario\\bootcamp\\collab\\skylab-bootcamp-201901\\staff\\sergio-costa\\arshop\\arshop-api\\src\\logic\\index.spec.js","statementMap":{"0":{"start":{"line":3,"column":0},"end":{"line":3,"column":26}},"1":{"start":{"line":5,"column":0},"end":{"line":5,"column":27}},"2":{"start":{"line":7,"column":48},"end":{"line":7,"column":70}},"3":{"start":{"line":8,"column":15},"end":{"line":8,"column":32}},"4":{"start":{"line":9,"column":14},"end":{"line":9,"column":26}},"5":{"start":{"line":10,"column":15},"end":{"line":10,"column":32}},"6":{"start":{"line":12,"column":33},"end":{"line":12,"column":40}},"7":{"start":{"line":14,"column":0},"end":{"line":1775,"column":2}},"8":{"start":{"line":15,"column":4},"end":{"line":15,"column":74}},"9":{"start":{"line":15,"column":17},"end":{"line":15,"column":73}},"10":{"start":{"line":17,"column":4},"end":{"line":22,"column":5}},"11":{"start":{"line":18,"column":8},"end":{"line":21,"column":10}},"12":{"start":{"line":24,"column":4},"end":{"line":181,"column":6}},"13":{"start":{"line":25,"column":21},"end":{"line":25,"column":29}},"14":{"start":{"line":26,"column":24},"end":{"line":26,"column":31}},"15":{"start":{"line":27,"column":22},"end":{"line":27,"column":61}},"16":{"start":{"line":28,"column":25},"end":{"line":28,"column":47}},"17":{"start":{"line":29,"column":32},"end":{"line":29,"column":40}},"18":{"start":{"line":31,"column":8},"end":{"line":46,"column":10}},"19":{"start":{"line":32,"column":23},"end":{"line":32,"column":96}},"20":{"start":{"line":34,"column":12},"end":{"line":34,"column":36}},"21":{"start":{"line":35,"column":12},"end":{"line":35,"column":44}},"22":{"start":{"line":37,"column":25},"end":{"line":37,"column":54}},"23":{"start":{"line":39,"column":12},"end":{"line":39,"column":40}},"24":{"start":{"line":40,"column":12},"end":{"line":40,"column":46}},"25":{"start":{"line":41,"column":12},"end":{"line":41,"column":42}},"26":{"start":{"line":43,"column":26},"end":{"line":43,"column":71}},"27":{"start":{"line":45,"column":12},"end":{"line":45,"column":38}},"28":{"start":{"line":48,"column":8},"end":{"line":57,"column":10}},"29":{"start":{"line":49,"column":25},"end":{"line":49,"column":34}},"30":{"start":{"line":50,"column":28},"end":{"line":50,"column":35}},"31":{"start":{"line":51,"column":26},"end":{"line":51,"column":48}},"32":{"start":{"line":52,"column":29},"end":{"line":52,"column":51}},"33":{"start":{"line":54,"column":12},"end":{"line":56,"column":60}},"34":{"start":{"line":55,"column":16},"end":{"line":55,"column":76}},"35":{"start":{"line":59,"column":8},"end":{"line":68,"column":10}},"36":{"start":{"line":60,"column":25},"end":{"line":60,"column":27}},"37":{"start":{"line":61,"column":28},"end":{"line":61,"column":35}},"38":{"start":{"line":62,"column":26},"end":{"line":62,"column":48}},"39":{"start":{"line":63,"column":29},"end":{"line":63,"column":51}},"40":{"start":{"line":65,"column":12},"end":{"line":67,"column":60}},"41":{"start":{"line":66,"column":16},"end":{"line":66,"column":76}},"42":{"start":{"line":71,"column":8},"end":{"line":80,"column":10}},"43":{"start":{"line":72,"column":25},"end":{"line":72,"column":29}},"44":{"start":{"line":73,"column":28},"end":{"line":73,"column":35}},"45":{"start":{"line":74,"column":26},"end":{"line":74,"column":48}},"46":{"start":{"line":75,"column":29},"end":{"line":75,"column":51}},"47":{"start":{"line":77,"column":12},"end":{"line":79,"column":60}},"48":{"start":{"line":78,"column":16},"end":{"line":78,"column":76}},"49":{"start":{"line":82,"column":8},"end":{"line":91,"column":10}},"50":{"start":{"line":83,"column":25},"end":{"line":83,"column":27}},"51":{"start":{"line":84,"column":28},"end":{"line":84,"column":35}},"52":{"start":{"line":85,"column":26},"end":{"line":85,"column":48}},"53":{"start":{"line":86,"column":29},"end":{"line":86,"column":51}},"54":{"start":{"line":88,"column":12},"end":{"line":90,"column":60}},"55":{"start":{"line":89,"column":16},"end":{"line":89,"column":76}},"56":{"start":{"line":93,"column":8},"end":{"line":102,"column":10}},"57":{"start":{"line":94,"column":25},"end":{"line":94,"column":27}},"58":{"start":{"line":95,"column":28},"end":{"line":95,"column":35}},"59":{"start":{"line":96,"column":26},"end":{"line":96,"column":48}},"60":{"start":{"line":97,"column":29},"end":{"line":97,"column":51}},"61":{"start":{"line":99,"column":12},"end":{"line":101,"column":60}},"62":{"start":{"line":100,"column":16},"end":{"line":100,"column":76}},"63":{"start":{"line":104,"column":8},"end":{"line":113,"column":10}},"64":{"start":{"line":105,"column":25},"end":{"line":105,"column":27}},"65":{"start":{"line":106,"column":28},"end":{"line":106,"column":35}},"66":{"start":{"line":107,"column":26},"end":{"line":107,"column":48}},"67":{"start":{"line":108,"column":29},"end":{"line":108,"column":51}},"68":{"start":{"line":110,"column":12},"end":{"line":112,"column":53}},"69":{"start":{"line":111,"column":16},"end":{"line":111,"column":76}},"70":{"start":{"line":115,"column":8},"end":{"line":124,"column":10}},"71":{"start":{"line":116,"column":25},"end":{"line":116,"column":33}},"72":{"start":{"line":117,"column":28},"end":{"line":117,"column":37}},"73":{"start":{"line":118,"column":26},"end":{"line":118,"column":48}},"74":{"start":{"line":119,"column":29},"end":{"line":119,"column":51}},"75":{"start":{"line":121,"column":12},"end":{"line":123,"column":63}},"76":{"start":{"line":122,"column":16},"end":{"line":122,"column":76}},"77":{"start":{"line":126,"column":8},"end":{"line":135,"column":10}},"78":{"start":{"line":127,"column":25},"end":{"line":127,"column":33}},"79":{"start":{"line":128,"column":28},"end":{"line":128,"column":30}},"80":{"start":{"line":129,"column":26},"end":{"line":129,"column":48}},"81":{"start":{"line":130,"column":29},"end":{"line":130,"column":51}},"82":{"start":{"line":132,"column":12},"end":{"line":134,"column":63}},"83":{"start":{"line":133,"column":16},"end":{"line":133,"column":76}},"84":{"start":{"line":138,"column":8},"end":{"line":147,"column":10}},"85":{"start":{"line":139,"column":25},"end":{"line":139,"column":33}},"86":{"start":{"line":140,"column":28},"end":{"line":140,"column":33}},"87":{"start":{"line":141,"column":26},"end":{"line":141,"column":48}},"88":{"start":{"line":142,"column":29},"end":{"line":142,"column":51}},"89":{"start":{"line":144,"column":12},"end":{"line":146,"column":63}},"90":{"start":{"line":145,"column":16},"end":{"line":145,"column":76}},"91":{"start":{"line":149,"column":8},"end":{"line":158,"column":10}},"92":{"start":{"line":150,"column":25},"end":{"line":150,"column":33}},"93":{"start":{"line":151,"column":28},"end":{"line":151,"column":30}},"94":{"start":{"line":152,"column":26},"end":{"line":152,"column":48}},"95":{"start":{"line":153,"column":29},"end":{"line":153,"column":51}},"96":{"start":{"line":155,"column":12},"end":{"line":157,"column":63}},"97":{"start":{"line":156,"column":16},"end":{"line":156,"column":76}},"98":{"start":{"line":160,"column":8},"end":{"line":169,"column":10}},"99":{"start":{"line":161,"column":25},"end":{"line":161,"column":33}},"100":{"start":{"line":162,"column":28},"end":{"line":162,"column":30}},"101":{"start":{"line":163,"column":26},"end":{"line":163,"column":48}},"102":{"start":{"line":164,"column":29},"end":{"line":164,"column":51}},"103":{"start":{"line":166,"column":12},"end":{"line":168,"column":63}},"104":{"start":{"line":167,"column":16},"end":{"line":167,"column":76}},"105":{"start":{"line":171,"column":8},"end":{"line":180,"column":10}},"106":{"start":{"line":172,"column":25},"end":{"line":172,"column":33}},"107":{"start":{"line":173,"column":28},"end":{"line":173,"column":30}},"108":{"start":{"line":174,"column":26},"end":{"line":174,"column":48}},"109":{"start":{"line":175,"column":29},"end":{"line":175,"column":51}},"110":{"start":{"line":177,"column":12},"end":{"line":179,"column":56}},"111":{"start":{"line":178,"column":16},"end":{"line":178,"column":76}},"112":{"start":{"line":185,"column":4},"end":{"line":292,"column":6}},"113":{"start":{"line":186,"column":21},"end":{"line":186,"column":29}},"114":{"start":{"line":187,"column":24},"end":{"line":187,"column":31}},"115":{"start":{"line":190,"column":8},"end":{"line":195,"column":10}},"116":{"start":{"line":191,"column":12},"end":{"line":191,"column":59}},"117":{"start":{"line":192,"column":12},"end":{"line":192,"column":45}},"118":{"start":{"line":193,"column":12},"end":{"line":194,"column":84}},"119":{"start":{"line":194,"column":30},"end":{"line":194,"column":83}},"120":{"start":{"line":197,"column":8},"end":{"line":200,"column":9}},"121":{"start":{"line":198,"column":12},"end":{"line":199,"column":53}},"122":{"start":{"line":199,"column":28},"end":{"line":199,"column":52}},"123":{"start":{"line":202,"column":8},"end":{"line":249,"column":10}},"124":{"start":{"line":204,"column":31},"end":{"line":204,"column":45}},"125":{"start":{"line":206,"column":12},"end":{"line":212,"column":13}},"126":{"start":{"line":207,"column":16},"end":{"line":211,"column":22}},"127":{"start":{"line":209,"column":24},"end":{"line":209,"column":49}},"128":{"start":{"line":210,"column":24},"end":{"line":210,"column":91}},"129":{"start":{"line":214,"column":12},"end":{"line":218,"column":13}},"130":{"start":{"line":215,"column":16},"end":{"line":217,"column":62}},"131":{"start":{"line":216,"column":20},"end":{"line":216,"column":56}},"132":{"start":{"line":220,"column":12},"end":{"line":224,"column":13}},"133":{"start":{"line":221,"column":16},"end":{"line":223,"column":62}},"134":{"start":{"line":222,"column":20},"end":{"line":222,"column":56}},"135":{"start":{"line":226,"column":12},"end":{"line":230,"column":13}},"136":{"start":{"line":227,"column":16},"end":{"line":229,"column":65}},"137":{"start":{"line":228,"column":20},"end":{"line":228,"column":59}},"138":{"start":{"line":232,"column":12},"end":{"line":236,"column":13}},"139":{"start":{"line":233,"column":16},"end":{"line":235,"column":64}},"140":{"start":{"line":234,"column":20},"end":{"line":234,"column":58}},"141":{"start":{"line":238,"column":12},"end":{"line":242,"column":13}},"142":{"start":{"line":239,"column":16},"end":{"line":241,"column":69}},"143":{"start":{"line":240,"column":20},"end":{"line":240,"column":63}},"144":{"start":{"line":244,"column":12},"end":{"line":248,"column":13}},"145":{"start":{"line":245,"column":16},"end":{"line":247,"column":62}},"146":{"start":{"line":246,"column":20},"end":{"line":246,"column":56}},"147":{"start":{"line":251,"column":8},"end":{"line":291,"column":10}},"148":{"start":{"line":253,"column":34},"end":{"line":253,"column":43}},"149":{"start":{"line":255,"column":12},"end":{"line":260,"column":13}},"150":{"start":{"line":256,"column":16},"end":{"line":259,"column":22}},"151":{"start":{"line":258,"column":24},"end":{"line":258,"column":49}},"152":{"start":{"line":262,"column":12},"end":{"line":266,"column":13}},"153":{"start":{"line":263,"column":16},"end":{"line":265,"column":62}},"154":{"start":{"line":264,"column":20},"end":{"line":264,"column":53}},"155":{"start":{"line":268,"column":12},"end":{"line":272,"column":13}},"156":{"start":{"line":269,"column":16},"end":{"line":271,"column":62}},"157":{"start":{"line":270,"column":20},"end":{"line":270,"column":53}},"158":{"start":{"line":274,"column":12},"end":{"line":278,"column":13}},"159":{"start":{"line":275,"column":16},"end":{"line":277,"column":64}},"160":{"start":{"line":276,"column":20},"end":{"line":276,"column":55}},"161":{"start":{"line":280,"column":12},"end":{"line":284,"column":13}},"162":{"start":{"line":281,"column":16},"end":{"line":283,"column":69}},"163":{"start":{"line":282,"column":20},"end":{"line":282,"column":60}},"164":{"start":{"line":286,"column":12},"end":{"line":290,"column":13}},"165":{"start":{"line":287,"column":16},"end":{"line":289,"column":65}},"166":{"start":{"line":288,"column":20},"end":{"line":288,"column":53}},"167":{"start":{"line":296,"column":4},"end":{"line":354,"column":6}},"168":{"start":{"line":297,"column":21},"end":{"line":297,"column":29}},"169":{"start":{"line":298,"column":24},"end":{"line":298,"column":31}},"170":{"start":{"line":302,"column":8},"end":{"line":308,"column":10}},"171":{"start":{"line":303,"column":12},"end":{"line":303,"column":59}},"172":{"start":{"line":304,"column":12},"end":{"line":304,"column":45}},"173":{"start":{"line":305,"column":12},"end":{"line":307,"column":46}},"174":{"start":{"line":306,"column":30},"end":{"line":306,"column":83}},"175":{"start":{"line":307,"column":34},"end":{"line":307,"column":45}},"176":{"start":{"line":310,"column":8},"end":{"line":320,"column":9}},"177":{"start":{"line":311,"column":12},"end":{"line":319,"column":18}},"178":{"start":{"line":313,"column":20},"end":{"line":313,"column":48}},"179":{"start":{"line":314,"column":20},"end":{"line":314,"column":48}},"180":{"start":{"line":315,"column":20},"end":{"line":315,"column":54}},"181":{"start":{"line":316,"column":20},"end":{"line":316,"column":50}},"182":{"start":{"line":318,"column":20},"end":{"line":318,"column":53}},"183":{"start":{"line":322,"column":8},"end":{"line":328,"column":10}},"184":{"start":{"line":323,"column":12},"end":{"line":323,"column":29}},"185":{"start":{"line":324,"column":12},"end":{"line":327,"column":18}},"186":{"start":{"line":326,"column":20},"end":{"line":326,"column":45}},"187":{"start":{"line":330,"column":8},"end":{"line":334,"column":9}},"188":{"start":{"line":331,"column":12},"end":{"line":333,"column":58}},"189":{"start":{"line":332,"column":16},"end":{"line":332,"column":38}},"190":{"start":{"line":336,"column":8},"end":{"line":340,"column":9}},"191":{"start":{"line":337,"column":12},"end":{"line":339,"column":58}},"192":{"start":{"line":338,"column":16},"end":{"line":338,"column":38}},"193":{"start":{"line":342,"column":8},"end":{"line":346,"column":9}},"194":{"start":{"line":343,"column":12},"end":{"line":345,"column":61}},"195":{"start":{"line":344,"column":16},"end":{"line":344,"column":41}},"196":{"start":{"line":348,"column":8},"end":{"line":352,"column":9}},"197":{"start":{"line":349,"column":12},"end":{"line":351,"column":59}},"198":{"start":{"line":350,"column":16},"end":{"line":350,"column":38}},"199":{"start":{"line":358,"column":4},"end":{"line":421,"column":6}},"200":{"start":{"line":359,"column":19},"end":{"line":359,"column":27}},"201":{"start":{"line":360,"column":22},"end":{"line":360,"column":29}},"202":{"start":{"line":361,"column":20},"end":{"line":361,"column":59}},"203":{"start":{"line":362,"column":23},"end":{"line":362,"column":45}},"204":{"start":{"line":364,"column":8},"end":{"line":368,"column":9}},"205":{"start":{"line":365,"column":12},"end":{"line":367,"column":46}},"206":{"start":{"line":366,"column":30},"end":{"line":366,"column":83}},"207":{"start":{"line":367,"column":34},"end":{"line":367,"column":45}},"208":{"start":{"line":369,"column":8},"end":{"line":381,"column":10}},"209":{"start":{"line":370,"column":25},"end":{"line":370,"column":44}},"210":{"start":{"line":371,"column":12},"end":{"line":380,"column":18}},"211":{"start":{"line":373,"column":20},"end":{"line":373,"column":48}},"212":{"start":{"line":374,"column":20},"end":{"line":374,"column":48}},"213":{"start":{"line":375,"column":20},"end":{"line":375,"column":57}},"214":{"start":{"line":376,"column":20},"end":{"line":376,"column":50}},"215":{"start":{"line":377,"column":20},"end":{"line":377,"column":59}},"216":{"start":{"line":379,"column":20},"end":{"line":379,"column":53}},"217":{"start":{"line":383,"column":8},"end":{"line":388,"column":10}},"218":{"start":{"line":384,"column":12},"end":{"line":384,"column":29}},"219":{"start":{"line":385,"column":25},"end":{"line":385,"column":44}},"220":{"start":{"line":386,"column":12},"end":{"line":387,"column":56}},"221":{"start":{"line":387,"column":28},"end":{"line":387,"column":55}},"222":{"start":{"line":390,"column":8},"end":{"line":420,"column":10}},"223":{"start":{"line":391,"column":12},"end":{"line":395,"column":13}},"224":{"start":{"line":392,"column":16},"end":{"line":394,"column":66}},"225":{"start":{"line":393,"column":20},"end":{"line":393,"column":51}},"226":{"start":{"line":397,"column":12},"end":{"line":401,"column":13}},"227":{"start":{"line":398,"column":16},"end":{"line":400,"column":64}},"228":{"start":{"line":399,"column":20},"end":{"line":399,"column":49}},"229":{"start":{"line":403,"column":12},"end":{"line":407,"column":13}},"230":{"start":{"line":404,"column":16},"end":{"line":406,"column":63}},"231":{"start":{"line":405,"column":20},"end":{"line":405,"column":48}},"232":{"start":{"line":409,"column":12},"end":{"line":413,"column":13}},"233":{"start":{"line":410,"column":16},"end":{"line":412,"column":63}},"234":{"start":{"line":411,"column":20},"end":{"line":411,"column":50}},"235":{"start":{"line":415,"column":12},"end":{"line":419,"column":13}},"236":{"start":{"line":416,"column":16},"end":{"line":418,"column":63}},"237":{"start":{"line":417,"column":20},"end":{"line":417,"column":55}},"238":{"start":{"line":425,"column":4},"end":{"line":534,"column":6}},"239":{"start":{"line":426,"column":19},"end":{"line":426,"column":27}},"240":{"start":{"line":427,"column":22},"end":{"line":427,"column":29}},"241":{"start":{"line":428,"column":20},"end":{"line":428,"column":59}},"242":{"start":{"line":429,"column":23},"end":{"line":429,"column":45}},"243":{"start":{"line":432,"column":24},"end":{"line":438,"column":9}},"244":{"start":{"line":440,"column":8},"end":{"line":444,"column":9}},"245":{"start":{"line":441,"column":12},"end":{"line":443,"column":46}},"246":{"start":{"line":442,"column":30},"end":{"line":442,"column":83}},"247":{"start":{"line":443,"column":34},"end":{"line":443,"column":45}},"248":{"start":{"line":446,"column":8},"end":{"line":459,"column":9}},"249":{"start":{"line":447,"column":12},"end":{"line":458,"column":18}},"250":{"start":{"line":449,"column":20},"end":{"line":449,"column":51}},"251":{"start":{"line":450,"column":20},"end":{"line":457,"column":26}},"252":{"start":{"line":452,"column":28},"end":{"line":452,"column":63}},"253":{"start":{"line":453,"column":28},"end":{"line":453,"column":72}},"254":{"start":{"line":454,"column":28},"end":{"line":454,"column":82}},"255":{"start":{"line":455,"column":28},"end":{"line":455,"column":70}},"256":{"start":{"line":456,"column":28},"end":{"line":456,"column":68}},"257":{"start":{"line":461,"column":8},"end":{"line":469,"column":9}},"258":{"start":{"line":462,"column":12},"end":{"line":468,"column":18}},"259":{"start":{"line":464,"column":20},"end":{"line":467,"column":26}},"260":{"start":{"line":466,"column":28},"end":{"line":466,"column":79}},"261":{"start":{"line":471,"column":8},"end":{"line":501,"column":10}},"262":{"start":{"line":472,"column":12},"end":{"line":476,"column":14}},"263":{"start":{"line":473,"column":16},"end":{"line":473,"column":33}},"264":{"start":{"line":474,"column":16},"end":{"line":475,"column":60}},"265":{"start":{"line":475,"column":32},"end":{"line":475,"column":59}},"266":{"start":{"line":478,"column":12},"end":{"line":482,"column":13}},"267":{"start":{"line":479,"column":16},"end":{"line":481,"column":62}},"268":{"start":{"line":480,"column":20},"end":{"line":480,"column":52}},"269":{"start":{"line":484,"column":12},"end":{"line":488,"column":13}},"270":{"start":{"line":485,"column":16},"end":{"line":487,"column":62}},"271":{"start":{"line":486,"column":20},"end":{"line":486,"column":52}},"272":{"start":{"line":490,"column":12},"end":{"line":494,"column":13}},"273":{"start":{"line":491,"column":16},"end":{"line":493,"column":65}},"274":{"start":{"line":492,"column":20},"end":{"line":492,"column":55}},"275":{"start":{"line":496,"column":12},"end":{"line":500,"column":13}},"276":{"start":{"line":497,"column":16},"end":{"line":499,"column":63}},"277":{"start":{"line":498,"column":20},"end":{"line":498,"column":52}},"278":{"start":{"line":503,"column":8},"end":{"line":533,"column":10}},"279":{"start":{"line":504,"column":12},"end":{"line":508,"column":14}},"280":{"start":{"line":505,"column":16},"end":{"line":505,"column":36}},"281":{"start":{"line":506,"column":16},"end":{"line":507,"column":60}},"282":{"start":{"line":507,"column":32},"end":{"line":507,"column":59}},"283":{"start":{"line":510,"column":12},"end":{"line":514,"column":13}},"284":{"start":{"line":511,"column":16},"end":{"line":513,"column":63}},"285":{"start":{"line":512,"column":20},"end":{"line":512,"column":51}},"286":{"start":{"line":516,"column":12},"end":{"line":520,"column":13}},"287":{"start":{"line":517,"column":16},"end":{"line":519,"column":66}},"288":{"start":{"line":518,"column":20},"end":{"line":518,"column":54}},"289":{"start":{"line":522,"column":12},"end":{"line":526,"column":14}},"290":{"start":{"line":523,"column":16},"end":{"line":525,"column":66}},"291":{"start":{"line":524,"column":20},"end":{"line":524,"column":54}},"292":{"start":{"line":528,"column":12},"end":{"line":532,"column":13}},"293":{"start":{"line":529,"column":16},"end":{"line":531,"column":62}},"294":{"start":{"line":530,"column":20},"end":{"line":530,"column":51}},"295":{"start":{"line":538,"column":4},"end":{"line":592,"column":6}},"296":{"start":{"line":539,"column":24},"end":{"line":545,"column":9}},"297":{"start":{"line":547,"column":25},"end":{"line":553,"column":9}},"298":{"start":{"line":555,"column":8},"end":{"line":560,"column":10}},"299":{"start":{"line":556,"column":12},"end":{"line":559,"column":17}},"300":{"start":{"line":558,"column":20},"end":{"line":558,"column":44}},"301":{"start":{"line":562,"column":8},"end":{"line":578,"column":9}},"302":{"start":{"line":563,"column":12},"end":{"line":577,"column":18}},"303":{"start":{"line":565,"column":20},"end":{"line":565,"column":50}},"304":{"start":{"line":566,"column":20},"end":{"line":566,"column":67}},"305":{"start":{"line":567,"column":20},"end":{"line":567,"column":77}},"306":{"start":{"line":568,"column":20},"end":{"line":568,"column":65}},"307":{"start":{"line":569,"column":20},"end":{"line":569,"column":71}},"308":{"start":{"line":570,"column":20},"end":{"line":570,"column":63}},"309":{"start":{"line":572,"column":20},"end":{"line":572,"column":68}},"310":{"start":{"line":573,"column":20},"end":{"line":573,"column":78}},"311":{"start":{"line":574,"column":20},"end":{"line":574,"column":66}},"312":{"start":{"line":575,"column":20},"end":{"line":575,"column":72}},"313":{"start":{"line":576,"column":20},"end":{"line":576,"column":64}},"314":{"start":{"line":580,"column":8},"end":{"line":591,"column":10}},"315":{"start":{"line":581,"column":12},"end":{"line":590,"column":13}},"316":{"start":{"line":582,"column":16},"end":{"line":589,"column":21}},"317":{"start":{"line":584,"column":24},"end":{"line":588,"column":30}},"318":{"start":{"line":586,"column":32},"end":{"line":586,"column":57}},"319":{"start":{"line":587,"column":32},"end":{"line":587,"column":58}},"320":{"start":{"line":596,"column":4},"end":{"line":654,"column":6}},"321":{"start":{"line":597,"column":24},"end":{"line":603,"column":9}},"322":{"start":{"line":606,"column":8},"end":{"line":609,"column":10}},"323":{"start":{"line":607,"column":12},"end":{"line":608,"column":43}},"324":{"start":{"line":608,"column":34},"end":{"line":608,"column":42}},"325":{"start":{"line":611,"column":8},"end":{"line":615,"column":9}},"326":{"start":{"line":612,"column":12},"end":{"line":614,"column":18}},"327":{"start":{"line":617,"column":8},"end":{"line":653,"column":10}},"328":{"start":{"line":618,"column":12},"end":{"line":621,"column":13}},"329":{"start":{"line":619,"column":16},"end":{"line":620,"column":61}},"330":{"start":{"line":620,"column":33},"end":{"line":620,"column":60}},"331":{"start":{"line":622,"column":12},"end":{"line":626,"column":13}},"332":{"start":{"line":623,"column":16},"end":{"line":625,"column":65}},"333":{"start":{"line":624,"column":20},"end":{"line":624,"column":48}},"334":{"start":{"line":627,"column":12},"end":{"line":631,"column":13}},"335":{"start":{"line":628,"column":16},"end":{"line":630,"column":62}},"336":{"start":{"line":629,"column":20},"end":{"line":629,"column":45}},"337":{"start":{"line":632,"column":12},"end":{"line":636,"column":13}},"338":{"start":{"line":633,"column":16},"end":{"line":635,"column":62}},"339":{"start":{"line":634,"column":20},"end":{"line":634,"column":45}},"340":{"start":{"line":637,"column":12},"end":{"line":641,"column":13}},"341":{"start":{"line":638,"column":16},"end":{"line":640,"column":69}},"342":{"start":{"line":639,"column":20},"end":{"line":639,"column":52}},"343":{"start":{"line":642,"column":12},"end":{"line":646,"column":13}},"344":{"start":{"line":643,"column":16},"end":{"line":645,"column":64}},"345":{"start":{"line":644,"column":20},"end":{"line":644,"column":47}},"346":{"start":{"line":647,"column":12},"end":{"line":651,"column":13}},"347":{"start":{"line":648,"column":16},"end":{"line":650,"column":71}},"348":{"start":{"line":649,"column":20},"end":{"line":649,"column":45}},"349":{"start":{"line":658,"column":4},"end":{"line":725,"column":6}},"350":{"start":{"line":659,"column":19},"end":{"line":659,"column":27}},"351":{"start":{"line":660,"column":22},"end":{"line":660,"column":29}},"352":{"start":{"line":661,"column":20},"end":{"line":661,"column":59}},"353":{"start":{"line":662,"column":23},"end":{"line":662,"column":45}},"354":{"start":{"line":666,"column":24},"end":{"line":672,"column":9}},"355":{"start":{"line":674,"column":8},"end":{"line":682,"column":9}},"356":{"start":{"line":675,"column":12},"end":{"line":681,"column":18}},"357":{"start":{"line":676,"column":30},"end":{"line":676,"column":83}},"358":{"start":{"line":677,"column":34},"end":{"line":677,"column":45}},"359":{"start":{"line":678,"column":28},"end":{"line":678,"column":64}},"360":{"start":{"line":680,"column":20},"end":{"line":680,"column":28}},"361":{"start":{"line":684,"column":8},"end":{"line":695,"column":9}},"362":{"start":{"line":685,"column":12},"end":{"line":694,"column":18}},"363":{"start":{"line":687,"column":20},"end":{"line":687,"column":67}},"364":{"start":{"line":688,"column":20},"end":{"line":688,"column":77}},"365":{"start":{"line":689,"column":20},"end":{"line":689,"column":65}},"366":{"start":{"line":690,"column":20},"end":{"line":690,"column":71}},"367":{"start":{"line":691,"column":20},"end":{"line":691,"column":63}},"368":{"start":{"line":693,"column":20},"end":{"line":693,"column":51}},"369":{"start":{"line":697,"column":8},"end":{"line":702,"column":9}},"370":{"start":{"line":698,"column":12},"end":{"line":701,"column":18}},"371":{"start":{"line":700,"column":20},"end":{"line":700,"column":45}},"372":{"start":{"line":703,"column":8},"end":{"line":707,"column":9}},"373":{"start":{"line":704,"column":12},"end":{"line":706,"column":58}},"374":{"start":{"line":705,"column":16},"end":{"line":705,"column":46}},"375":{"start":{"line":708,"column":8},"end":{"line":712,"column":9}},"376":{"start":{"line":709,"column":12},"end":{"line":711,"column":58}},"377":{"start":{"line":710,"column":16},"end":{"line":710,"column":46}},"378":{"start":{"line":714,"column":8},"end":{"line":718,"column":9}},"379":{"start":{"line":715,"column":12},"end":{"line":717,"column":65}},"380":{"start":{"line":716,"column":16},"end":{"line":716,"column":53}},"381":{"start":{"line":720,"column":8},"end":{"line":724,"column":9}},"382":{"start":{"line":721,"column":12},"end":{"line":723,"column":59}},"383":{"start":{"line":722,"column":16},"end":{"line":722,"column":46}},"384":{"start":{"line":729,"column":4},"end":{"line":841,"column":6}},"385":{"start":{"line":730,"column":19},"end":{"line":730,"column":27}},"386":{"start":{"line":731,"column":22},"end":{"line":731,"column":29}},"387":{"start":{"line":732,"column":20},"end":{"line":732,"column":59}},"388":{"start":{"line":733,"column":23},"end":{"line":733,"column":45}},"389":{"start":{"line":737,"column":24},"end":{"line":744,"column":9}},"390":{"start":{"line":746,"column":8},"end":{"line":752,"column":9}},"391":{"start":{"line":747,"column":12},"end":{"line":751,"column":39}},"392":{"start":{"line":748,"column":30},"end":{"line":748,"column":83}},"393":{"start":{"line":749,"column":34},"end":{"line":749,"column":45}},"394":{"start":{"line":750,"column":28},"end":{"line":750,"column":64}},"395":{"start":{"line":751,"column":30},"end":{"line":751,"column":38}},"396":{"start":{"line":754,"column":8},"end":{"line":760,"column":9}},"397":{"start":{"line":755,"column":12},"end":{"line":759,"column":18}},"398":{"start":{"line":757,"column":20},"end":{"line":757,"column":46}},"399":{"start":{"line":758,"column":20},"end":{"line":758,"column":43}},"400":{"start":{"line":762,"column":8},"end":{"line":778,"column":9}},"401":{"start":{"line":763,"column":12},"end":{"line":777,"column":18}},"402":{"start":{"line":765,"column":20},"end":{"line":776,"column":26}},"403":{"start":{"line":767,"column":28},"end":{"line":767,"column":58}},"404":{"start":{"line":768,"column":28},"end":{"line":768,"column":55}},"405":{"start":{"line":771,"column":28},"end":{"line":775,"column":34}},"406":{"start":{"line":773,"column":36},"end":{"line":773,"column":67}},"407":{"start":{"line":774,"column":36},"end":{"line":774,"column":65}},"408":{"start":{"line":780,"column":8},"end":{"line":785,"column":9}},"409":{"start":{"line":781,"column":12},"end":{"line":784,"column":18}},"410":{"start":{"line":783,"column":20},"end":{"line":783,"column":45}},"411":{"start":{"line":787,"column":8},"end":{"line":791,"column":9}},"412":{"start":{"line":788,"column":12},"end":{"line":790,"column":58}},"413":{"start":{"line":789,"column":16},"end":{"line":789,"column":44}},"414":{"start":{"line":793,"column":8},"end":{"line":797,"column":9}},"415":{"start":{"line":794,"column":12},"end":{"line":796,"column":58}},"416":{"start":{"line":795,"column":16},"end":{"line":795,"column":44}},"417":{"start":{"line":799,"column":8},"end":{"line":803,"column":9}},"418":{"start":{"line":800,"column":12},"end":{"line":802,"column":61}},"419":{"start":{"line":801,"column":16},"end":{"line":801,"column":47}},"420":{"start":{"line":805,"column":8},"end":{"line":809,"column":9}},"421":{"start":{"line":806,"column":12},"end":{"line":808,"column":62}},"422":{"start":{"line":807,"column":16},"end":{"line":807,"column":44}},"423":{"start":{"line":811,"column":8},"end":{"line":816,"column":9}},"424":{"start":{"line":812,"column":12},"end":{"line":815,"column":18}},"425":{"start":{"line":814,"column":20},"end":{"line":814,"column":45}},"426":{"start":{"line":818,"column":8},"end":{"line":822,"column":9}},"427":{"start":{"line":819,"column":12},"end":{"line":821,"column":58}},"428":{"start":{"line":820,"column":16},"end":{"line":820,"column":41}},"429":{"start":{"line":824,"column":8},"end":{"line":828,"column":9}},"430":{"start":{"line":825,"column":12},"end":{"line":827,"column":58}},"431":{"start":{"line":826,"column":16},"end":{"line":826,"column":41}},"432":{"start":{"line":830,"column":8},"end":{"line":834,"column":9}},"433":{"start":{"line":831,"column":12},"end":{"line":833,"column":61}},"434":{"start":{"line":832,"column":16},"end":{"line":832,"column":44}},"435":{"start":{"line":836,"column":8},"end":{"line":840,"column":9}},"436":{"start":{"line":837,"column":12},"end":{"line":839,"column":59}},"437":{"start":{"line":838,"column":16},"end":{"line":838,"column":41}},"438":{"start":{"line":845,"column":4},"end":{"line":953,"column":6}},"439":{"start":{"line":846,"column":19},"end":{"line":846,"column":27}},"440":{"start":{"line":847,"column":22},"end":{"line":847,"column":29}},"441":{"start":{"line":848,"column":20},"end":{"line":848,"column":59}},"442":{"start":{"line":849,"column":23},"end":{"line":849,"column":45}},"443":{"start":{"line":853,"column":24},"end":{"line":859,"column":9}},"444":{"start":{"line":861,"column":8},"end":{"line":867,"column":9}},"445":{"start":{"line":862,"column":12},"end":{"line":866,"column":43}},"446":{"start":{"line":863,"column":30},"end":{"line":863,"column":83}},"447":{"start":{"line":864,"column":34},"end":{"line":864,"column":45}},"448":{"start":{"line":865,"column":28},"end":{"line":865,"column":51}},"449":{"start":{"line":866,"column":34},"end":{"line":866,"column":42}},"450":{"start":{"line":869,"column":8},"end":{"line":874,"column":9}},"451":{"start":{"line":870,"column":12},"end":{"line":873,"column":18}},"452":{"start":{"line":872,"column":20},"end":{"line":872,"column":50}},"453":{"start":{"line":876,"column":8},"end":{"line":890,"column":9}},"454":{"start":{"line":877,"column":12},"end":{"line":889,"column":18}},"455":{"start":{"line":879,"column":20},"end":{"line":888,"column":26}},"456":{"start":{"line":881,"column":28},"end":{"line":881,"column":51}},"457":{"start":{"line":884,"column":28},"end":{"line":887,"column":34}},"458":{"start":{"line":886,"column":36},"end":{"line":886,"column":61}},"459":{"start":{"line":892,"column":8},"end":{"line":897,"column":9}},"460":{"start":{"line":893,"column":12},"end":{"line":896,"column":18}},"461":{"start":{"line":895,"column":20},"end":{"line":895,"column":45}},"462":{"start":{"line":899,"column":8},"end":{"line":903,"column":9}},"463":{"start":{"line":900,"column":12},"end":{"line":902,"column":58}},"464":{"start":{"line":901,"column":16},"end":{"line":901,"column":43}},"465":{"start":{"line":905,"column":8},"end":{"line":909,"column":9}},"466":{"start":{"line":906,"column":12},"end":{"line":908,"column":58}},"467":{"start":{"line":907,"column":16},"end":{"line":907,"column":43}},"468":{"start":{"line":911,"column":8},"end":{"line":915,"column":9}},"469":{"start":{"line":912,"column":12},"end":{"line":914,"column":61}},"470":{"start":{"line":913,"column":16},"end":{"line":913,"column":46}},"471":{"start":{"line":917,"column":8},"end":{"line":921,"column":9}},"472":{"start":{"line":918,"column":12},"end":{"line":920,"column":62}},"473":{"start":{"line":919,"column":16},"end":{"line":919,"column":43}},"474":{"start":{"line":923,"column":8},"end":{"line":928,"column":9}},"475":{"start":{"line":924,"column":12},"end":{"line":927,"column":18}},"476":{"start":{"line":926,"column":20},"end":{"line":926,"column":45}},"477":{"start":{"line":930,"column":8},"end":{"line":934,"column":9}},"478":{"start":{"line":931,"column":12},"end":{"line":933,"column":58}},"479":{"start":{"line":932,"column":16},"end":{"line":932,"column":44}},"480":{"start":{"line":936,"column":8},"end":{"line":940,"column":9}},"481":{"start":{"line":937,"column":12},"end":{"line":939,"column":58}},"482":{"start":{"line":938,"column":16},"end":{"line":938,"column":44}},"483":{"start":{"line":942,"column":8},"end":{"line":946,"column":9}},"484":{"start":{"line":943,"column":12},"end":{"line":945,"column":61}},"485":{"start":{"line":944,"column":16},"end":{"line":944,"column":47}},"486":{"start":{"line":948,"column":8},"end":{"line":952,"column":9}},"487":{"start":{"line":949,"column":12},"end":{"line":951,"column":59}},"488":{"start":{"line":950,"column":16},"end":{"line":950,"column":44}},"489":{"start":{"line":957,"column":4},"end":{"line":1025,"column":6}},"490":{"start":{"line":958,"column":19},"end":{"line":958,"column":27}},"491":{"start":{"line":959,"column":22},"end":{"line":959,"column":29}},"492":{"start":{"line":960,"column":20},"end":{"line":960,"column":59}},"493":{"start":{"line":961,"column":23},"end":{"line":961,"column":45}},"494":{"start":{"line":965,"column":24},"end":{"line":971,"column":9}},"495":{"start":{"line":973,"column":8},"end":{"line":980,"column":9}},"496":{"start":{"line":974,"column":12},"end":{"line":979,"column":57}},"497":{"start":{"line":975,"column":30},"end":{"line":975,"column":83}},"498":{"start":{"line":976,"column":34},"end":{"line":976,"column":45}},"499":{"start":{"line":977,"column":28},"end":{"line":977,"column":51}},"500":{"start":{"line":978,"column":34},"end":{"line":978,"column":42}},"501":{"start":{"line":979,"column":28},"end":{"line":979,"column":56}},"502":{"start":{"line":982,"column":8},"end":{"line":993,"column":9}},"503":{"start":{"line":983,"column":12},"end":{"line":992,"column":18}},"504":{"start":{"line":985,"column":20},"end":{"line":985,"column":51}},"505":{"start":{"line":986,"column":20},"end":{"line":986,"column":52}},"506":{"start":{"line":987,"column":20},"end":{"line":987,"column":68}},"507":{"start":{"line":988,"column":20},"end":{"line":988,"column":78}},"508":{"start":{"line":989,"column":20},"end":{"line":989,"column":66}},"509":{"start":{"line":990,"column":20},"end":{"line":990,"column":72}},"510":{"start":{"line":991,"column":20},"end":{"line":991,"column":64}},"511":{"start":{"line":995,"column":8},"end":{"line":1000,"column":9}},"512":{"start":{"line":996,"column":12},"end":{"line":999,"column":18}},"513":{"start":{"line":998,"column":20},"end":{"line":998,"column":45}},"514":{"start":{"line":1002,"column":8},"end":{"line":1006,"column":9}},"515":{"start":{"line":1003,"column":12},"end":{"line":1005,"column":58}},"516":{"start":{"line":1004,"column":16},"end":{"line":1004,"column":38}},"517":{"start":{"line":1008,"column":8},"end":{"line":1012,"column":9}},"518":{"start":{"line":1009,"column":12},"end":{"line":1011,"column":58}},"519":{"start":{"line":1010,"column":16},"end":{"line":1010,"column":38}},"520":{"start":{"line":1014,"column":8},"end":{"line":1018,"column":9}},"521":{"start":{"line":1015,"column":12},"end":{"line":1017,"column":61}},"522":{"start":{"line":1016,"column":16},"end":{"line":1016,"column":41}},"523":{"start":{"line":1020,"column":8},"end":{"line":1024,"column":9}},"524":{"start":{"line":1021,"column":12},"end":{"line":1023,"column":59}},"525":{"start":{"line":1022,"column":16},"end":{"line":1022,"column":39}},"526":{"start":{"line":1030,"column":4},"end":{"line":1096,"column":6}},"527":{"start":{"line":1031,"column":24},"end":{"line":1037,"column":9}},"528":{"start":{"line":1039,"column":25},"end":{"line":1045,"column":9}},"529":{"start":{"line":1047,"column":8},"end":{"line":1052,"column":10}},"530":{"start":{"line":1048,"column":12},"end":{"line":1051,"column":17}},"531":{"start":{"line":1050,"column":20},"end":{"line":1050,"column":44}},"532":{"start":{"line":1054,"column":8},"end":{"line":1065,"column":9}},"533":{"start":{"line":1055,"column":12},"end":{"line":1064,"column":18}},"534":{"start":{"line":1057,"column":20},"end":{"line":1057,"column":50}},"535":{"start":{"line":1058,"column":20},"end":{"line":1058,"column":67}},"536":{"start":{"line":1059,"column":20},"end":{"line":1059,"column":77}},"537":{"start":{"line":1060,"column":20},"end":{"line":1060,"column":65}},"538":{"start":{"line":1061,"column":20},"end":{"line":1061,"column":71}},"539":{"start":{"line":1062,"column":20},"end":{"line":1062,"column":63}},"540":{"start":{"line":1063,"column":20},"end":{"line":1063,"column":51}},"541":{"start":{"line":1067,"column":8},"end":{"line":1072,"column":10}},"542":{"start":{"line":1068,"column":12},"end":{"line":1071,"column":18}},"543":{"start":{"line":1070,"column":20},"end":{"line":1070,"column":47}},"544":{"start":{"line":1074,"column":8},"end":{"line":1095,"column":10}},"545":{"start":{"line":1075,"column":12},"end":{"line":1079,"column":13}},"546":{"start":{"line":1076,"column":16},"end":{"line":1078,"column":62}},"547":{"start":{"line":1077,"column":20},"end":{"line":1077,"column":54}},"548":{"start":{"line":1080,"column":12},"end":{"line":1084,"column":13}},"549":{"start":{"line":1081,"column":16},"end":{"line":1083,"column":62}},"550":{"start":{"line":1082,"column":20},"end":{"line":1082,"column":54}},"551":{"start":{"line":1085,"column":12},"end":{"line":1089,"column":13}},"552":{"start":{"line":1086,"column":16},"end":{"line":1088,"column":65}},"553":{"start":{"line":1087,"column":20},"end":{"line":1087,"column":57}},"554":{"start":{"line":1090,"column":12},"end":{"line":1094,"column":13}},"555":{"start":{"line":1091,"column":16},"end":{"line":1093,"column":67}},"556":{"start":{"line":1092,"column":20},"end":{"line":1092,"column":54}},"557":{"start":{"line":1100,"column":4},"end":{"line":1235,"column":6}},"558":{"start":{"line":1101,"column":24},"end":{"line":1107,"column":9}},"559":{"start":{"line":1109,"column":25},"end":{"line":1115,"column":9}},"560":{"start":{"line":1117,"column":25},"end":{"line":1123,"column":9}},"561":{"start":{"line":1125,"column":8},"end":{"line":1133,"column":10}},"562":{"start":{"line":1126,"column":12},"end":{"line":1132,"column":17}},"563":{"start":{"line":1128,"column":20},"end":{"line":1128,"column":44}},"564":{"start":{"line":1131,"column":20},"end":{"line":1131,"column":44}},"565":{"start":{"line":1135,"column":8},"end":{"line":1152,"column":9}},"566":{"start":{"line":1136,"column":12},"end":{"line":1151,"column":18}},"567":{"start":{"line":1138,"column":20},"end":{"line":1138,"column":67}},"568":{"start":{"line":1139,"column":20},"end":{"line":1139,"column":77}},"569":{"start":{"line":1140,"column":20},"end":{"line":1140,"column":65}},"570":{"start":{"line":1141,"column":20},"end":{"line":1141,"column":71}},"571":{"start":{"line":1142,"column":20},"end":{"line":1142,"column":63}},"572":{"start":{"line":1144,"column":20},"end":{"line":1144,"column":68}},"573":{"start":{"line":1145,"column":20},"end":{"line":1145,"column":78}},"574":{"start":{"line":1146,"column":20},"end":{"line":1146,"column":66}},"575":{"start":{"line":1147,"column":20},"end":{"line":1147,"column":72}},"576":{"start":{"line":1148,"column":20},"end":{"line":1148,"column":64}},"577":{"start":{"line":1150,"column":20},"end":{"line":1150,"column":51}},"578":{"start":{"line":1154,"column":8},"end":{"line":1165,"column":9}},"579":{"start":{"line":1155,"column":12},"end":{"line":1164,"column":18}},"580":{"start":{"line":1157,"column":20},"end":{"line":1157,"column":68}},"581":{"start":{"line":1158,"column":20},"end":{"line":1158,"column":78}},"582":{"start":{"line":1159,"column":20},"end":{"line":1159,"column":66}},"583":{"start":{"line":1160,"column":20},"end":{"line":1160,"column":72}},"584":{"start":{"line":1161,"column":20},"end":{"line":1161,"column":64}},"585":{"start":{"line":1163,"column":20},"end":{"line":1163,"column":51}},"586":{"start":{"line":1167,"column":8},"end":{"line":1184,"column":9}},"587":{"start":{"line":1168,"column":12},"end":{"line":1183,"column":18}},"588":{"start":{"line":1170,"column":20},"end":{"line":1170,"column":67}},"589":{"start":{"line":1171,"column":20},"end":{"line":1171,"column":77}},"590":{"start":{"line":1172,"column":20},"end":{"line":1172,"column":65}},"591":{"start":{"line":1173,"column":20},"end":{"line":1173,"column":71}},"592":{"start":{"line":1174,"column":20},"end":{"line":1174,"column":63}},"593":{"start":{"line":1176,"column":20},"end":{"line":1176,"column":68}},"594":{"start":{"line":1177,"column":20},"end":{"line":1177,"column":78}},"595":{"start":{"line":1178,"column":20},"end":{"line":1178,"column":66}},"596":{"start":{"line":1179,"column":20},"end":{"line":1179,"column":72}},"597":{"start":{"line":1180,"column":20},"end":{"line":1180,"column":64}},"598":{"start":{"line":1182,"column":20},"end":{"line":1182,"column":51}},"599":{"start":{"line":1186,"column":8},"end":{"line":1197,"column":9}},"600":{"start":{"line":1187,"column":12},"end":{"line":1196,"column":18}},"601":{"start":{"line":1189,"column":20},"end":{"line":1189,"column":68}},"602":{"start":{"line":1190,"column":20},"end":{"line":1190,"column":78}},"603":{"start":{"line":1191,"column":20},"end":{"line":1191,"column":66}},"604":{"start":{"line":1192,"column":20},"end":{"line":1192,"column":72}},"605":{"start":{"line":1193,"column":20},"end":{"line":1193,"column":64}},"606":{"start":{"line":1195,"column":20},"end":{"line":1195,"column":51}},"607":{"start":{"line":1199,"column":8},"end":{"line":1204,"column":9}},"608":{"start":{"line":1200,"column":12},"end":{"line":1203,"column":18}},"609":{"start":{"line":1202,"column":20},"end":{"line":1202,"column":51}},"610":{"start":{"line":1206,"column":8},"end":{"line":1211,"column":10}},"611":{"start":{"line":1207,"column":12},"end":{"line":1210,"column":18}},"612":{"start":{"line":1209,"column":20},"end":{"line":1209,"column":47}},"613":{"start":{"line":1213,"column":8},"end":{"line":1234,"column":10}},"614":{"start":{"line":1214,"column":12},"end":{"line":1218,"column":13}},"615":{"start":{"line":1215,"column":16},"end":{"line":1217,"column":62}},"616":{"start":{"line":1216,"column":20},"end":{"line":1216,"column":44}},"617":{"start":{"line":1219,"column":12},"end":{"line":1223,"column":13}},"618":{"start":{"line":1220,"column":16},"end":{"line":1222,"column":62}},"619":{"start":{"line":1221,"column":20},"end":{"line":1221,"column":44}},"620":{"start":{"line":1224,"column":12},"end":{"line":1228,"column":13}},"621":{"start":{"line":1225,"column":16},"end":{"line":1227,"column":65}},"622":{"start":{"line":1226,"column":20},"end":{"line":1226,"column":47}},"623":{"start":{"line":1229,"column":12},"end":{"line":1233,"column":13}},"624":{"start":{"line":1230,"column":16},"end":{"line":1232,"column":67}},"625":{"start":{"line":1231,"column":20},"end":{"line":1231,"column":44}},"626":{"start":{"line":1239,"column":4},"end":{"line":1365,"column":6}},"627":{"start":{"line":1240,"column":19},"end":{"line":1240,"column":27}},"628":{"start":{"line":1241,"column":22},"end":{"line":1241,"column":29}},"629":{"start":{"line":1242,"column":20},"end":{"line":1242,"column":59}},"630":{"start":{"line":1243,"column":23},"end":{"line":1243,"column":45}},"631":{"start":{"line":1247,"column":24},"end":{"line":1253,"column":9}},"632":{"start":{"line":1255,"column":8},"end":{"line":1263,"column":9}},"633":{"start":{"line":1256,"column":12},"end":{"line":1262,"column":18}},"634":{"start":{"line":1257,"column":30},"end":{"line":1257,"column":83}},"635":{"start":{"line":1258,"column":34},"end":{"line":1258,"column":45}},"636":{"start":{"line":1259,"column":28},"end":{"line":1259,"column":64}},"637":{"start":{"line":1261,"column":20},"end":{"line":1261,"column":28}},"638":{"start":{"line":1265,"column":8},"end":{"line":1275,"column":10}},"639":{"start":{"line":1266,"column":25},"end":{"line":1266,"column":43}},"640":{"start":{"line":1267,"column":12},"end":{"line":1274,"column":18}},"641":{"start":{"line":1269,"column":20},"end":{"line":1269,"column":61}},"642":{"start":{"line":1270,"column":20},"end":{"line":1270,"column":74}},"643":{"start":{"line":1271,"column":20},"end":{"line":1271,"column":63}},"644":{"start":{"line":1272,"column":20},"end":{"line":1272,"column":68}},"645":{"start":{"line":1273,"column":20},"end":{"line":1273,"column":60}},"646":{"start":{"line":1277,"column":8},"end":{"line":1287,"column":10}},"647":{"start":{"line":1278,"column":25},"end":{"line":1278,"column":47}},"648":{"start":{"line":1279,"column":12},"end":{"line":1286,"column":18}},"649":{"start":{"line":1281,"column":20},"end":{"line":1281,"column":64}},"650":{"start":{"line":1282,"column":20},"end":{"line":1282,"column":74}},"651":{"start":{"line":1283,"column":20},"end":{"line":1283,"column":62}},"652":{"start":{"line":1284,"column":20},"end":{"line":1284,"column":68}},"653":{"start":{"line":1285,"column":20},"end":{"line":1285,"column":60}},"654":{"start":{"line":1289,"column":8},"end":{"line":1296,"column":10}},"655":{"start":{"line":1290,"column":25},"end":{"line":1290,"column":42}},"656":{"start":{"line":1291,"column":12},"end":{"line":1295,"column":18}},"657":{"start":{"line":1293,"column":20},"end":{"line":1293,"column":45}},"658":{"start":{"line":1294,"column":20},"end":{"line":1294,"column":99}},"659":{"start":{"line":1298,"column":8},"end":{"line":1302,"column":9}},"660":{"start":{"line":1299,"column":12},"end":{"line":1301,"column":58}},"661":{"start":{"line":1300,"column":16},"end":{"line":1300,"column":47}},"662":{"start":{"line":1304,"column":8},"end":{"line":1308,"column":9}},"663":{"start":{"line":1305,"column":12},"end":{"line":1307,"column":61}},"664":{"start":{"line":1306,"column":16},"end":{"line":1306,"column":50}},"665":{"start":{"line":1310,"column":8},"end":{"line":1314,"column":9}},"666":{"start":{"line":1311,"column":12},"end":{"line":1313,"column":62}},"667":{"start":{"line":1312,"column":16},"end":{"line":1312,"column":47}},"668":{"start":{"line":1316,"column":8},"end":{"line":1322,"column":10}},"669":{"start":{"line":1317,"column":25},"end":{"line":1317,"column":42}},"670":{"start":{"line":1318,"column":12},"end":{"line":1321,"column":18}},"671":{"start":{"line":1320,"column":20},"end":{"line":1320,"column":45}},"672":{"start":{"line":1324,"column":8},"end":{"line":1328,"column":9}},"673":{"start":{"line":1325,"column":12},"end":{"line":1327,"column":58}},"674":{"start":{"line":1326,"column":16},"end":{"line":1326,"column":44}},"675":{"start":{"line":1330,"column":8},"end":{"line":1334,"column":9}},"676":{"start":{"line":1331,"column":12},"end":{"line":1333,"column":58}},"677":{"start":{"line":1332,"column":16},"end":{"line":1332,"column":44}},"678":{"start":{"line":1336,"column":8},"end":{"line":1340,"column":9}},"679":{"start":{"line":1337,"column":12},"end":{"line":1339,"column":61}},"680":{"start":{"line":1338,"column":16},"end":{"line":1338,"column":47}},"681":{"start":{"line":1342,"column":8},"end":{"line":1346,"column":9}},"682":{"start":{"line":1343,"column":12},"end":{"line":1345,"column":59}},"683":{"start":{"line":1344,"column":16},"end":{"line":1344,"column":44}},"684":{"start":{"line":1348,"column":8},"end":{"line":1364,"column":10}},"685":{"start":{"line":1349,"column":12},"end":{"line":1353,"column":13}},"686":{"start":{"line":1350,"column":16},"end":{"line":1352,"column":61}},"687":{"start":{"line":1351,"column":20},"end":{"line":1351,"column":59}},"688":{"start":{"line":1354,"column":12},"end":{"line":1358,"column":13}},"689":{"start":{"line":1355,"column":16},"end":{"line":1357,"column":63}},"690":{"start":{"line":1356,"column":20},"end":{"line":1356,"column":56}},"691":{"start":{"line":1359,"column":12},"end":{"line":1363,"column":13}},"692":{"start":{"line":1360,"column":16},"end":{"line":1362,"column":66}},"693":{"start":{"line":1361,"column":20},"end":{"line":1361,"column":59}},"694":{"start":{"line":1369,"column":4},"end":{"line":1433,"column":6}},"695":{"start":{"line":1370,"column":19},"end":{"line":1370,"column":27}},"696":{"start":{"line":1371,"column":22},"end":{"line":1371,"column":29}},"697":{"start":{"line":1372,"column":20},"end":{"line":1372,"column":59}},"698":{"start":{"line":1373,"column":23},"end":{"line":1373,"column":45}},"699":{"start":{"line":1377,"column":24},"end":{"line":1383,"column":9}},"700":{"start":{"line":1385,"column":8},"end":{"line":1393,"column":9}},"701":{"start":{"line":1386,"column":12},"end":{"line":1392,"column":18}},"702":{"start":{"line":1387,"column":30},"end":{"line":1387,"column":83}},"703":{"start":{"line":1388,"column":34},"end":{"line":1388,"column":45}},"704":{"start":{"line":1389,"column":28},"end":{"line":1389,"column":64}},"705":{"start":{"line":1391,"column":20},"end":{"line":1391,"column":28}},"706":{"start":{"line":1395,"column":8},"end":{"line":1402,"column":9}},"707":{"start":{"line":1396,"column":12},"end":{"line":1401,"column":18}},"708":{"start":{"line":1398,"column":20},"end":{"line":1398,"column":51}},"709":{"start":{"line":1399,"column":20},"end":{"line":1399,"column":57}},"710":{"start":{"line":1400,"column":20},"end":{"line":1400,"column":53}},"711":{"start":{"line":1404,"column":8},"end":{"line":1409,"column":9}},"712":{"start":{"line":1405,"column":12},"end":{"line":1408,"column":18}},"713":{"start":{"line":1407,"column":20},"end":{"line":1407,"column":45}},"714":{"start":{"line":1410,"column":8},"end":{"line":1414,"column":9}},"715":{"start":{"line":1411,"column":12},"end":{"line":1413,"column":58}},"716":{"start":{"line":1412,"column":16},"end":{"line":1412,"column":50}},"717":{"start":{"line":1415,"column":8},"end":{"line":1419,"column":9}},"718":{"start":{"line":1416,"column":12},"end":{"line":1418,"column":58}},"719":{"start":{"line":1417,"column":16},"end":{"line":1417,"column":50}},"720":{"start":{"line":1421,"column":8},"end":{"line":1425,"column":9}},"721":{"start":{"line":1422,"column":12},"end":{"line":1424,"column":65}},"722":{"start":{"line":1423,"column":16},"end":{"line":1423,"column":57}},"723":{"start":{"line":1427,"column":8},"end":{"line":1431,"column":9}},"724":{"start":{"line":1428,"column":12},"end":{"line":1430,"column":55}},"725":{"start":{"line":1429,"column":16},"end":{"line":1429,"column":50}},"726":{"start":{"line":1437,"column":4},"end":{"line":1489,"column":6}},"727":{"start":{"line":1438,"column":19},"end":{"line":1438,"column":27}},"728":{"start":{"line":1439,"column":22},"end":{"line":1439,"column":29}},"729":{"start":{"line":1440,"column":20},"end":{"line":1440,"column":59}},"730":{"start":{"line":1441,"column":23},"end":{"line":1441,"column":45}},"731":{"start":{"line":1445,"column":8},"end":{"line":1449,"column":9}},"732":{"start":{"line":1446,"column":12},"end":{"line":1448,"column":46}},"733":{"start":{"line":1447,"column":30},"end":{"line":1447,"column":83}},"734":{"start":{"line":1448,"column":34},"end":{"line":1448,"column":45}},"735":{"start":{"line":1451,"column":8},"end":{"line":1459,"column":9}},"736":{"start":{"line":1452,"column":12},"end":{"line":1458,"column":18}},"737":{"start":{"line":1454,"column":20},"end":{"line":1454,"column":46}},"738":{"start":{"line":1455,"column":20},"end":{"line":1455,"column":48}},"739":{"start":{"line":1456,"column":20},"end":{"line":1456,"column":54}},"740":{"start":{"line":1457,"column":20},"end":{"line":1457,"column":50}},"741":{"start":{"line":1461,"column":8},"end":{"line":1466,"column":9}},"742":{"start":{"line":1462,"column":12},"end":{"line":1465,"column":18}},"743":{"start":{"line":1464,"column":20},"end":{"line":1464,"column":45}},"744":{"start":{"line":1467,"column":8},"end":{"line":1471,"column":9}},"745":{"start":{"line":1468,"column":12},"end":{"line":1470,"column":58}},"746":{"start":{"line":1469,"column":16},"end":{"line":1469,"column":50}},"747":{"start":{"line":1472,"column":8},"end":{"line":1476,"column":9}},"748":{"start":{"line":1473,"column":12},"end":{"line":1475,"column":58}},"749":{"start":{"line":1474,"column":16},"end":{"line":1474,"column":50}},"750":{"start":{"line":1478,"column":8},"end":{"line":1482,"column":9}},"751":{"start":{"line":1479,"column":12},"end":{"line":1481,"column":65}},"752":{"start":{"line":1480,"column":16},"end":{"line":1480,"column":57}},"753":{"start":{"line":1484,"column":8},"end":{"line":1488,"column":9}},"754":{"start":{"line":1485,"column":12},"end":{"line":1487,"column":55}},"755":{"start":{"line":1486,"column":16},"end":{"line":1486,"column":50}},"756":{"start":{"line":1493,"column":4},"end":{"line":1558,"column":6}},"757":{"start":{"line":1494,"column":19},"end":{"line":1494,"column":27}},"758":{"start":{"line":1495,"column":22},"end":{"line":1495,"column":29}},"759":{"start":{"line":1496,"column":20},"end":{"line":1496,"column":59}},"760":{"start":{"line":1497,"column":23},"end":{"line":1497,"column":45}},"761":{"start":{"line":1501,"column":24},"end":{"line":1507,"column":9}},"762":{"start":{"line":1509,"column":8},"end":{"line":1517,"column":9}},"763":{"start":{"line":1510,"column":12},"end":{"line":1516,"column":18}},"764":{"start":{"line":1511,"column":30},"end":{"line":1511,"column":83}},"765":{"start":{"line":1512,"column":34},"end":{"line":1512,"column":45}},"766":{"start":{"line":1513,"column":28},"end":{"line":1513,"column":64}},"767":{"start":{"line":1515,"column":20},"end":{"line":1515,"column":28}},"768":{"start":{"line":1519,"column":8},"end":{"line":1528,"column":9}},"769":{"start":{"line":1520,"column":12},"end":{"line":1527,"column":18}},"770":{"start":{"line":1522,"column":20},"end":{"line":1522,"column":68}},"771":{"start":{"line":1523,"column":20},"end":{"line":1523,"column":78}},"772":{"start":{"line":1524,"column":20},"end":{"line":1524,"column":66}},"773":{"start":{"line":1525,"column":20},"end":{"line":1525,"column":72}},"774":{"start":{"line":1526,"column":20},"end":{"line":1526,"column":64}},"775":{"start":{"line":1530,"column":8},"end":{"line":1535,"column":9}},"776":{"start":{"line":1531,"column":12},"end":{"line":1534,"column":18}},"777":{"start":{"line":1533,"column":20},"end":{"line":1533,"column":45}},"778":{"start":{"line":1536,"column":8},"end":{"line":1540,"column":9}},"779":{"start":{"line":1537,"column":12},"end":{"line":1539,"column":58}},"780":{"start":{"line":1538,"column":16},"end":{"line":1538,"column":50}},"781":{"start":{"line":1541,"column":8},"end":{"line":1545,"column":9}},"782":{"start":{"line":1542,"column":12},"end":{"line":1544,"column":58}},"783":{"start":{"line":1543,"column":16},"end":{"line":1543,"column":50}},"784":{"start":{"line":1547,"column":8},"end":{"line":1551,"column":9}},"785":{"start":{"line":1548,"column":12},"end":{"line":1550,"column":65}},"786":{"start":{"line":1549,"column":16},"end":{"line":1549,"column":57}},"787":{"start":{"line":1553,"column":8},"end":{"line":1557,"column":9}},"788":{"start":{"line":1554,"column":12},"end":{"line":1556,"column":55}},"789":{"start":{"line":1555,"column":16},"end":{"line":1555,"column":50}},"790":{"start":{"line":1562,"column":4},"end":{"line":1639,"column":6}},"791":{"start":{"line":1563,"column":19},"end":{"line":1563,"column":27}},"792":{"start":{"line":1564,"column":22},"end":{"line":1564,"column":29}},"793":{"start":{"line":1565,"column":20},"end":{"line":1565,"column":59}},"794":{"start":{"line":1566,"column":23},"end":{"line":1566,"column":45}},"795":{"start":{"line":1568,"column":20},"end":{"line":1568,"column":26}},"796":{"start":{"line":1570,"column":8},"end":{"line":1574,"column":9}},"797":{"start":{"line":1571,"column":12},"end":{"line":1573,"column":46}},"798":{"start":{"line":1572,"column":30},"end":{"line":1572,"column":83}},"799":{"start":{"line":1573,"column":34},"end":{"line":1573,"column":45}},"800":{"start":{"line":1576,"column":8},"end":{"line":1586,"column":10}},"801":{"start":{"line":1577,"column":12},"end":{"line":1585,"column":18}},"802":{"start":{"line":1579,"column":20},"end":{"line":1579,"column":46}},"803":{"start":{"line":1580,"column":20},"end":{"line":1580,"column":48}},"804":{"start":{"line":1581,"column":20},"end":{"line":1581,"column":54}},"805":{"start":{"line":1582,"column":20},"end":{"line":1582,"column":50}},"806":{"start":{"line":1583,"column":20},"end":{"line":1583,"column":51}},"807":{"start":{"line":1584,"column":20},"end":{"line":1584,"column":52}},"808":{"start":{"line":1588,"column":8},"end":{"line":1593,"column":9}},"809":{"start":{"line":1589,"column":12},"end":{"line":1592,"column":18}},"810":{"start":{"line":1591,"column":20},"end":{"line":1591,"column":45}},"811":{"start":{"line":1594,"column":8},"end":{"line":1598,"column":9}},"812":{"start":{"line":1595,"column":12},"end":{"line":1597,"column":58}},"813":{"start":{"line":1596,"column":16},"end":{"line":1596,"column":44}},"814":{"start":{"line":1599,"column":8},"end":{"line":1603,"column":9}},"815":{"start":{"line":1600,"column":12},"end":{"line":1602,"column":58}},"816":{"start":{"line":1601,"column":16},"end":{"line":1601,"column":44}},"817":{"start":{"line":1605,"column":8},"end":{"line":1609,"column":9}},"818":{"start":{"line":1606,"column":12},"end":{"line":1608,"column":65}},"819":{"start":{"line":1607,"column":16},"end":{"line":1607,"column":51}},"820":{"start":{"line":1611,"column":8},"end":{"line":1615,"column":9}},"821":{"start":{"line":1612,"column":12},"end":{"line":1614,"column":52}},"822":{"start":{"line":1613,"column":16},"end":{"line":1613,"column":39}},"823":{"start":{"line":1617,"column":8},"end":{"line":1621,"column":9}},"824":{"start":{"line":1618,"column":12},"end":{"line":1620,"column":58}},"825":{"start":{"line":1619,"column":16},"end":{"line":1619,"column":47}},"826":{"start":{"line":1622,"column":8},"end":{"line":1626,"column":9}},"827":{"start":{"line":1623,"column":12},"end":{"line":1625,"column":58}},"828":{"start":{"line":1624,"column":16},"end":{"line":1624,"column":47}},"829":{"start":{"line":1628,"column":8},"end":{"line":1632,"column":9}},"830":{"start":{"line":1629,"column":12},"end":{"line":1631,"column":65}},"831":{"start":{"line":1630,"column":16},"end":{"line":1630,"column":54}},"832":{"start":{"line":1634,"column":8},"end":{"line":1638,"column":9}},"833":{"start":{"line":1635,"column":12},"end":{"line":1637,"column":49}},"834":{"start":{"line":1636,"column":16},"end":{"line":1636,"column":47}},"835":{"start":{"line":1643,"column":4},"end":{"line":1763,"column":6}},"836":{"start":{"line":1644,"column":19},"end":{"line":1644,"column":27}},"837":{"start":{"line":1645,"column":22},"end":{"line":1645,"column":29}},"838":{"start":{"line":1646,"column":20},"end":{"line":1646,"column":59}},"839":{"start":{"line":1647,"column":23},"end":{"line":1647,"column":45}},"840":{"start":{"line":1650,"column":20},"end":{"line":1650,"column":26}},"841":{"start":{"line":1652,"column":24},"end":{"line":1658,"column":9}},"842":{"start":{"line":1660,"column":8},"end":{"line":1668,"column":9}},"843":{"start":{"line":1661,"column":12},"end":{"line":1667,"column":18}},"844":{"start":{"line":1662,"column":30},"end":{"line":1662,"column":83}},"845":{"start":{"line":1663,"column":34},"end":{"line":1663,"column":45}},"846":{"start":{"line":1664,"column":28},"end":{"line":1664,"column":64}},"847":{"start":{"line":1666,"column":20},"end":{"line":1666,"column":28}},"848":{"start":{"line":1670,"column":8},"end":{"line":1681,"column":9}},"849":{"start":{"line":1671,"column":12},"end":{"line":1680,"column":18}},"850":{"start":{"line":1673,"column":20},"end":{"line":1673,"column":50}},"851":{"start":{"line":1674,"column":20},"end":{"line":1674,"column":56}},"852":{"start":{"line":1675,"column":20},"end":{"line":1675,"column":64}},"853":{"start":{"line":1676,"column":20},"end":{"line":1676,"column":74}},"854":{"start":{"line":1677,"column":20},"end":{"line":1677,"column":62}},"855":{"start":{"line":1678,"column":20},"end":{"line":1678,"column":68}},"856":{"start":{"line":1679,"column":20},"end":{"line":1679,"column":60}},"857":{"start":{"line":1683,"column":8},"end":{"line":1688,"column":9}},"858":{"start":{"line":1684,"column":12},"end":{"line":1687,"column":18}},"859":{"start":{"line":1686,"column":20},"end":{"line":1686,"column":45}},"860":{"start":{"line":1689,"column":8},"end":{"line":1693,"column":9}},"861":{"start":{"line":1690,"column":12},"end":{"line":1692,"column":58}},"862":{"start":{"line":1691,"column":16},"end":{"line":1691,"column":52}},"863":{"start":{"line":1694,"column":8},"end":{"line":1698,"column":9}},"864":{"start":{"line":1695,"column":12},"end":{"line":1697,"column":58}},"865":{"start":{"line":1696,"column":16},"end":{"line":1696,"column":52}},"866":{"start":{"line":1700,"column":8},"end":{"line":1704,"column":9}},"867":{"start":{"line":1701,"column":12},"end":{"line":1703,"column":65}},"868":{"start":{"line":1702,"column":16},"end":{"line":1702,"column":59}},"869":{"start":{"line":1706,"column":8},"end":{"line":1710,"column":9}},"870":{"start":{"line":1707,"column":12},"end":{"line":1709,"column":52}},"871":{"start":{"line":1708,"column":16},"end":{"line":1708,"column":52}},"872":{"start":{"line":1712,"column":8},"end":{"line":1717,"column":9}},"873":{"start":{"line":1713,"column":12},"end":{"line":1716,"column":18}},"874":{"start":{"line":1715,"column":20},"end":{"line":1715,"column":45}},"875":{"start":{"line":1718,"column":8},"end":{"line":1722,"column":9}},"876":{"start":{"line":1719,"column":12},"end":{"line":1721,"column":58}},"877":{"start":{"line":1720,"column":16},"end":{"line":1720,"column":55}},"878":{"start":{"line":1723,"column":8},"end":{"line":1727,"column":9}},"879":{"start":{"line":1724,"column":12},"end":{"line":1726,"column":58}},"880":{"start":{"line":1725,"column":16},"end":{"line":1725,"column":55}},"881":{"start":{"line":1729,"column":8},"end":{"line":1733,"column":9}},"882":{"start":{"line":1730,"column":12},"end":{"line":1732,"column":65}},"883":{"start":{"line":1731,"column":16},"end":{"line":1731,"column":62}},"884":{"start":{"line":1735,"column":8},"end":{"line":1739,"column":9}},"885":{"start":{"line":1736,"column":12},"end":{"line":1738,"column":62}},"886":{"start":{"line":1737,"column":16},"end":{"line":1737,"column":55}},"887":{"start":{"line":1741,"column":8},"end":{"line":1745,"column":9}},"888":{"start":{"line":1742,"column":12},"end":{"line":1744,"column":58}},"889":{"start":{"line":1743,"column":16},"end":{"line":1743,"column":55}},"890":{"start":{"line":1746,"column":8},"end":{"line":1750,"column":9}},"891":{"start":{"line":1747,"column":12},"end":{"line":1749,"column":58}},"892":{"start":{"line":1748,"column":16},"end":{"line":1748,"column":55}},"893":{"start":{"line":1752,"column":8},"end":{"line":1756,"column":9}},"894":{"start":{"line":1753,"column":12},"end":{"line":1755,"column":65}},"895":{"start":{"line":1754,"column":16},"end":{"line":1754,"column":62}},"896":{"start":{"line":1758,"column":8},"end":{"line":1762,"column":9}},"897":{"start":{"line":1759,"column":12},"end":{"line":1761,"column":49}},"898":{"start":{"line":1760,"column":16},"end":{"line":1760,"column":55}},"899":{"start":{"line":1768,"column":4},"end":{"line":1774,"column":5}},"900":{"start":{"line":1769,"column":8},"end":{"line":1773,"column":46}},"901":{"start":{"line":1773,"column":24},"end":{"line":1773,"column":45}}},"fnMap":{"0":{"name":"(anonymous_0)","decl":{"start":{"line":14,"column":18},"end":{"line":14,"column":19}},"loc":{"start":{"line":14,"column":24},"end":{"line":1775,"column":1}},"line":14},"1":{"name":"(anonymous_1)","decl":{"start":{"line":15,"column":11},"end":{"line":15,"column":12}},"loc":{"start":{"line":15,"column":17},"end":{"line":15,"column":73}},"line":15},"2":{"name":"(anonymous_2)","decl":{"start":{"line":17,"column":15},"end":{"line":17,"column":16}},"loc":{"start":{"line":18,"column":8},"end":{"line":21,"column":10}},"line":18},"3":{"name":"(anonymous_3)","decl":{"start":{"line":24,"column":30},"end":{"line":24,"column":31}},"loc":{"start":{"line":24,"column":36},"end":{"line":181,"column":5}},"line":24},"4":{"name":"(anonymous_4)","decl":{"start":{"line":31,"column":43},"end":{"line":31,"column":44}},"loc":{"start":{"line":31,"column":55},"end":{"line":46,"column":9}},"line":31},"5":{"name":"(anonymous_5)","decl":{"start":{"line":48,"column":44},"end":{"line":48,"column":45}},"loc":{"start":{"line":48,"column":50},"end":{"line":57,"column":9}},"line":48},"6":{"name":"(anonymous_6)","decl":{"start":{"line":54,"column":19},"end":{"line":54,"column":20}},"loc":{"start":{"line":54,"column":25},"end":{"line":56,"column":13}},"line":54},"7":{"name":"(anonymous_7)","decl":{"start":{"line":59,"column":42},"end":{"line":59,"column":43}},"loc":{"start":{"line":59,"column":48},"end":{"line":68,"column":9}},"line":59},"8":{"name":"(anonymous_8)","decl":{"start":{"line":65,"column":19},"end":{"line":65,"column":20}},"loc":{"start":{"line":65,"column":25},"end":{"line":67,"column":13}},"line":65},"9":{"name":"(anonymous_9)","decl":{"start":{"line":71,"column":42},"end":{"line":71,"column":43}},"loc":{"start":{"line":71,"column":48},"end":{"line":80,"column":9}},"line":71},"10":{"name":"(anonymous_10)","decl":{"start":{"line":77,"column":19},"end":{"line":77,"column":20}},"loc":{"start":{"line":77,"column":25},"end":{"line":79,"column":13}},"line":77},"11":{"name":"(anonymous_11)","decl":{"start":{"line":82,"column":41},"end":{"line":82,"column":42}},"loc":{"start":{"line":82,"column":47},"end":{"line":91,"column":9}},"line":82},"12":{"name":"(anonymous_12)","decl":{"start":{"line":88,"column":19},"end":{"line":88,"column":20}},"loc":{"start":{"line":88,"column":25},"end":{"line":90,"column":13}},"line":88},"13":{"name":"(anonymous_13)","decl":{"start":{"line":93,"column":40},"end":{"line":93,"column":41}},"loc":{"start":{"line":93,"column":46},"end":{"line":102,"column":9}},"line":93},"14":{"name":"(anonymous_14)","decl":{"start":{"line":99,"column":19},"end":{"line":99,"column":20}},"loc":{"start":{"line":99,"column":25},"end":{"line":101,"column":13}},"line":99},"15":{"name":"(anonymous_15)","decl":{"start":{"line":104,"column":40},"end":{"line":104,"column":41}},"loc":{"start":{"line":104,"column":46},"end":{"line":113,"column":9}},"line":104},"16":{"name":"(anonymous_16)","decl":{"start":{"line":110,"column":19},"end":{"line":110,"column":20}},"loc":{"start":{"line":110,"column":25},"end":{"line":112,"column":13}},"line":110},"17":{"name":"(anonymous_17)","decl":{"start":{"line":115,"column":47},"end":{"line":115,"column":48}},"loc":{"start":{"line":115,"column":53},"end":{"line":124,"column":9}},"line":115},"18":{"name":"(anonymous_18)","decl":{"start":{"line":121,"column":19},"end":{"line":121,"column":20}},"loc":{"start":{"line":121,"column":25},"end":{"line":123,"column":13}},"line":121},"19":{"name":"(anonymous_19)","decl":{"start":{"line":126,"column":45},"end":{"line":126,"column":46}},"loc":{"start":{"line":126,"column":51},"end":{"line":135,"column":9}},"line":126},"20":{"name":"(anonymous_20)","decl":{"start":{"line":132,"column":19},"end":{"line":132,"column":20}},"loc":{"start":{"line":132,"column":25},"end":{"line":134,"column":13}},"line":132},"21":{"name":"(anonymous_21)","decl":{"start":{"line":138,"column":45},"end":{"line":138,"column":46}},"loc":{"start":{"line":138,"column":51},"end":{"line":147,"column":9}},"line":138},"22":{"name":"(anonymous_22)","decl":{"start":{"line":144,"column":19},"end":{"line":144,"column":20}},"loc":{"start":{"line":144,"column":25},"end":{"line":146,"column":13}},"line":144},"23":{"name":"(anonymous_23)","decl":{"start":{"line":149,"column":44},"end":{"line":149,"column":45}},"loc":{"start":{"line":149,"column":50},"end":{"line":158,"column":9}},"line":149},"24":{"name":"(anonymous_24)","decl":{"start":{"line":155,"column":19},"end":{"line":155,"column":20}},"loc":{"start":{"line":155,"column":25},"end":{"line":157,"column":13}},"line":155},"25":{"name":"(anonymous_25)","decl":{"start":{"line":160,"column":43},"end":{"line":160,"column":44}},"loc":{"start":{"line":160,"column":49},"end":{"line":169,"column":9}},"line":160},"26":{"name":"(anonymous_26)","decl":{"start":{"line":166,"column":19},"end":{"line":166,"column":20}},"loc":{"start":{"line":166,"column":25},"end":{"line":168,"column":13}},"line":166},"27":{"name":"(anonymous_27)","decl":{"start":{"line":171,"column":43},"end":{"line":171,"column":44}},"loc":{"start":{"line":171,"column":49},"end":{"line":180,"column":9}},"line":171},"28":{"name":"(anonymous_28)","decl":{"start":{"line":177,"column":19},"end":{"line":177,"column":20}},"loc":{"start":{"line":177,"column":25},"end":{"line":179,"column":13}},"line":177},"29":{"name":"(anonymous_29)","decl":{"start":{"line":185,"column":34},"end":{"line":185,"column":35}},"loc":{"start":{"line":185,"column":40},"end":{"line":292,"column":5}},"line":185},"30":{"name":"(anonymous_30)","decl":{"start":{"line":190,"column":19},"end":{"line":190,"column":20}},"loc":{"start":{"line":190,"column":25},"end":{"line":195,"column":9}},"line":190},"31":{"name":"(anonymous_31)","decl":{"start":{"line":194,"column":22},"end":{"line":194,"column":23}},"loc":{"start":{"line":194,"column":30},"end":{"line":194,"column":83}},"line":194},"32":{"name":"(anonymous_32)","decl":{"start":{"line":197,"column":52},"end":{"line":197,"column":53}},"loc":{"start":{"line":198,"column":12},"end":{"line":199,"column":53}},"line":198},"33":{"name":"(anonymous_33)","decl":{"start":{"line":199,"column":22},"end":{"line":199,"column":23}},"loc":{"start":{"line":199,"column":28},"end":{"line":199,"column":52}},"line":199},"34":{"name":"(anonymous_34)","decl":{"start":{"line":202,"column":32},"end":{"line":202,"column":33}},"loc":{"start":{"line":202,"column":38},"end":{"line":249,"column":9}},"line":202},"35":{"name":"(anonymous_35)","decl":{"start":{"line":206,"column":45},"end":{"line":206,"column":46}},"loc":{"start":{"line":207,"column":16},"end":{"line":211,"column":22}},"line":207},"36":{"name":"(anonymous_36)","decl":{"start":{"line":208,"column":27},"end":{"line":208,"column":28}},"loc":{"start":{"line":208,"column":34},"end":{"line":211,"column":21}},"line":208},"37":{"name":"(anonymous_37)","decl":{"start":{"line":214,"column":55},"end":{"line":214,"column":56}},"loc":{"start":{"line":215,"column":16},"end":{"line":217,"column":62}},"line":215},"38":{"name":"(anonymous_38)","decl":{"start":{"line":215,"column":23},"end":{"line":215,"column":24}},"loc":{"start":{"line":215,"column":29},"end":{"line":217,"column":17}},"line":215},"39":{"name":"(anonymous_39)","decl":{"start":{"line":220,"column":54},"end":{"line":220,"column":55}},"loc":{"start":{"line":221,"column":16},"end":{"line":223,"column":62}},"line":221},"40":{"name":"(anonymous_40)","decl":{"start":{"line":221,"column":23},"end":{"line":221,"column":24}},"loc":{"start":{"line":221,"column":29},"end":{"line":223,"column":17}},"line":221},"41":{"name":"(anonymous_41)","decl":{"start":{"line":226,"column":55},"end":{"line":226,"column":56}},"loc":{"start":{"line":227,"column":16},"end":{"line":229,"column":65}},"line":227},"42":{"name":"(anonymous_42)","decl":{"start":{"line":227,"column":23},"end":{"line":227,"column":24}},"loc":{"start":{"line":227,"column":29},"end":{"line":229,"column":17}},"line":227},"43":{"name":"(anonymous_43)","decl":{"start":{"line":232,"column":53},"end":{"line":232,"column":54}},"loc":{"start":{"line":233,"column":16},"end":{"line":235,"column":64}},"line":233},"44":{"name":"(anonymous_44)","decl":{"start":{"line":233,"column":23},"end":{"line":233,"column":24}},"loc":{"start":{"line":233,"column":29},"end":{"line":235,"column":17}},"line":233},"45":{"name":"(anonymous_45)","decl":{"start":{"line":238,"column":58},"end":{"line":238,"column":59}},"loc":{"start":{"line":239,"column":16},"end":{"line":241,"column":69}},"line":239},"46":{"name":"(anonymous_46)","decl":{"start":{"line":239,"column":23},"end":{"line":239,"column":24}},"loc":{"start":{"line":239,"column":29},"end":{"line":241,"column":17}},"line":239},"47":{"name":"(anonymous_47)","decl":{"start":{"line":244,"column":45},"end":{"line":244,"column":46}},"loc":{"start":{"line":245,"column":16},"end":{"line":247,"column":62}},"line":245},"48":{"name":"(anonymous_48)","decl":{"start":{"line":245,"column":23},"end":{"line":245,"column":24}},"loc":{"start":{"line":245,"column":29},"end":{"line":247,"column":17}},"line":245},"49":{"name":"(anonymous_49)","decl":{"start":{"line":251,"column":35},"end":{"line":251,"column":36}},"loc":{"start":{"line":251,"column":41},"end":{"line":291,"column":9}},"line":251},"50":{"name":"(anonymous_50)","decl":{"start":{"line":255,"column":48},"end":{"line":255,"column":49}},"loc":{"start":{"line":256,"column":16},"end":{"line":259,"column":22}},"line":256},"51":{"name":"(anonymous_51)","decl":{"start":{"line":257,"column":27},"end":{"line":257,"column":28}},"loc":{"start":{"line":257,"column":34},"end":{"line":259,"column":21}},"line":257},"52":{"name":"(anonymous_52)","decl":{"start":{"line":262,"column":55},"end":{"line":262,"column":56}},"loc":{"start":{"line":263,"column":16},"end":{"line":265,"column":62}},"line":263},"53":{"name":"(anonymous_53)","decl":{"start":{"line":263,"column":23},"end":{"line":263,"column":24}},"loc":{"start":{"line":263,"column":29},"end":{"line":265,"column":17}},"line":263},"54":{"name":"(anonymous_54)","decl":{"start":{"line":268,"column":54},"end":{"line":268,"column":55}},"loc":{"start":{"line":269,"column":16},"end":{"line":271,"column":62}},"line":269},"55":{"name":"(anonymous_55)","decl":{"start":{"line":269,"column":23},"end":{"line":269,"column":24}},"loc":{"start":{"line":269,"column":29},"end":{"line":271,"column":17}},"line":269},"56":{"name":"(anonymous_56)","decl":{"start":{"line":274,"column":53},"end":{"line":274,"column":54}},"loc":{"start":{"line":275,"column":16},"end":{"line":277,"column":64}},"line":275},"57":{"name":"(anonymous_57)","decl":{"start":{"line":275,"column":23},"end":{"line":275,"column":24}},"loc":{"start":{"line":275,"column":29},"end":{"line":277,"column":17}},"line":275},"58":{"name":"(anonymous_58)","decl":{"start":{"line":280,"column":58},"end":{"line":280,"column":59}},"loc":{"start":{"line":281,"column":16},"end":{"line":283,"column":69}},"line":281},"59":{"name":"(anonymous_59)","decl":{"start":{"line":281,"column":23},"end":{"line":281,"column":24}},"loc":{"start":{"line":281,"column":29},"end":{"line":283,"column":17}},"line":281},"60":{"name":"(anonymous_60)","decl":{"start":{"line":286,"column":48},"end":{"line":286,"column":49}},"loc":{"start":{"line":287,"column":16},"end":{"line":289,"column":65}},"line":287},"61":{"name":"(anonymous_61)","decl":{"start":{"line":287,"column":23},"end":{"line":287,"column":24}},"loc":{"start":{"line":287,"column":29},"end":{"line":289,"column":17}},"line":287},"62":{"name":"(anonymous_62)","decl":{"start":{"line":296,"column":30},"end":{"line":296,"column":31}},"loc":{"start":{"line":296,"column":36},"end":{"line":354,"column":5}},"line":296},"63":{"name":"(anonymous_63)","decl":{"start":{"line":302,"column":19},"end":{"line":302,"column":20}},"loc":{"start":{"line":302,"column":25},"end":{"line":308,"column":9}},"line":302},"64":{"name":"(anonymous_64)","decl":{"start":{"line":306,"column":22},"end":{"line":306,"column":23}},"loc":{"start":{"line":306,"column":30},"end":{"line":306,"column":83}},"line":306},"65":{"name":"(anonymous_65)","decl":{"start":{"line":307,"column":22},"end":{"line":307,"column":23}},"loc":{"start":{"line":307,"column":34},"end":{"line":307,"column":45}},"line":307},"66":{"name":"(anonymous_66)","decl":{"start":{"line":310,"column":52},"end":{"line":310,"column":53}},"loc":{"start":{"line":311,"column":12},"end":{"line":319,"column":18}},"line":311},"67":{"name":"(anonymous_67)","decl":{"start":{"line":312,"column":22},"end":{"line":312,"column":23}},"loc":{"start":{"line":312,"column":30},"end":{"line":319,"column":17}},"line":312},"68":{"name":"(anonymous_68)","decl":{"start":{"line":322,"column":42},"end":{"line":322,"column":43}},"loc":{"start":{"line":322,"column":48},"end":{"line":328,"column":9}},"line":322},"69":{"name":"(anonymous_69)","decl":{"start":{"line":325,"column":23},"end":{"line":325,"column":24}},"loc":{"start":{"line":325,"column":32},"end":{"line":327,"column":17}},"line":325},"70":{"name":"(anonymous_70)","decl":{"start":{"line":330,"column":51},"end":{"line":330,"column":52}},"loc":{"start":{"line":331,"column":12},"end":{"line":333,"column":58}},"line":331},"71":{"name":"(anonymous_71)","decl":{"start":{"line":331,"column":19},"end":{"line":331,"column":20}},"loc":{"start":{"line":331,"column":25},"end":{"line":333,"column":13}},"line":331},"72":{"name":"(anonymous_72)","decl":{"start":{"line":336,"column":50},"end":{"line":336,"column":51}},"loc":{"start":{"line":337,"column":12},"end":{"line":339,"column":58}},"line":337},"73":{"name":"(anonymous_73)","decl":{"start":{"line":337,"column":19},"end":{"line":337,"column":20}},"loc":{"start":{"line":337,"column":25},"end":{"line":339,"column":13}},"line":337},"74":{"name":"(anonymous_74)","decl":{"start":{"line":342,"column":51},"end":{"line":342,"column":52}},"loc":{"start":{"line":343,"column":12},"end":{"line":345,"column":61}},"line":343},"75":{"name":"(anonymous_75)","decl":{"start":{"line":343,"column":19},"end":{"line":343,"column":20}},"loc":{"st
[...]
pe":"if","locations":[{"start":{"line":231,"column":8},"end":{"line":231,"column":78}},{"start":{"line":231,"column":8},"end":{"line":231,"column":78}}],"line":231},"42":{"loc":{"start":{"line":235,"column":16},"end":{"line":235,"column":74}},"type":"if","locations":[{"start":{"line":235,"column":16},"end":{"line":235,"column":74}},{"start":{"line":235,"column":16},"end":{"line":235,"column":74}}],"line":235},"43":{"loc":{"start":{"line":239,"column":16},"end":{"line":240,"column":59}},"type":"if","locations":[{"start":{"line":239,"column":16},"end":{"line":240,"column":59}},{"start":{"line":239,"column":16},"end":{"line":240,"column":59}}],"line":239},"44":{"loc":{"start":{"line":244,"column":24},"end":{"line":245,"column":41}},"type":"if","locations":[{"start":{"line":244,"column":24},"end":{"line":245,"column":41}},{"start":{"line":244,"column":24},"end":{"line":245,"column":41}}],"line":244},"45":{"loc":{"start":{"line":251,"column":8},"end":{"line":251,"column":84}},"type":"if","locations":[{"start":{"line":251,"column":8},"end":{"line":251,"column":84}},{"start":{"line":251,"column":8},"end":{"line":251,"column":84}}],"line":251},"46":{"loc":{"start":{"line":252,"column":8},"end":{"line":252,"column":72}},"type":"if","locations":[{"start":{"line":252,"column":8},"end":{"line":252,"column":72}},{"start":{"line":252,"column":8},"end":{"line":252,"column":72}}],"line":252},"47":{"loc":{"start":{"line":256,"column":16},"end":{"line":256,"column":74}},"type":"if","locations":[{"start":{"line":256,"column":16},"end":{"line":256,"column":74}},{"start":{"line":256,"column":16},"end":{"line":256,"column":74}}],"line":256},"48":{"loc":{"start":{"line":286,"column":8},"end":{"line":286,"column":74}},"type":"if","locations":[{"start":{"line":286,"column":8},"end":{"line":286,"column":74}},{"start":{"line":286,"column":8},"end":{"line":286,"column":74}}],"line":286},"49":{"loc":{"start":{"line":287,"column":8},"end":{"line":287,"column":66}},"type":"if","locations":[{"start":{"line":287,"column":8},"end":{"line":287,"column":66}},{"start":{"line":287,"column":8},"end":{"line":287,"column":66}}],"line":287},"50":{"loc":{"start":{"line":291,"column":16},"end":{"line":291,"column":67}},"type":"if","locations":[{"start":{"line":291,"column":16},"end":{"line":291,"column":67}},{"start":{"line":291,"column":16},"end":{"line":291,"column":67}}],"line":291},"51":{"loc":{"start":{"line":303,"column":8},"end":{"line":306,"column":9}},"type":"if","locations":[{"start":{"line":303,"column":8},"end":{"line":306,"column":9}},{"start":{"line":303,"column":8},"end":{"line":306,"column":9}}],"line":303},"52":{"loc":{"start":{"line":304,"column":12},"end":{"line":304,"column":78}},"type":"if","locations":[{"start":{"line":304,"column":12},"end":{"line":304,"column":78}},{"start":{"line":304,"column":12},"end":{"line":304,"column":78}}],"line":304},"53":{"loc":{"start":{"line":305,"column":12},"end":{"line":305,"column":70}},"type":"if","locations":[{"start":{"line":305,"column":12},"end":{"line":305,"column":70}},{"start":{"line":305,"column":12},"end":{"line":305,"column":70}}],"line":305},"54":{"loc":{"start":{"line":307,"column":8},"end":{"line":310,"column":9}},"type":"if","locations":[{"start":{"line":307,"column":8},"end":{"line":310,"column":9}},{"start":{"line":307,"column":8},"end":{"line":310,"column":9}}],"line":307},"55":{"loc":{"start":{"line":308,"column":12},"end":{"line":308,"column":94}},"type":"if","locations":[{"start":{"line":308,"column":12},"end":{"line":308,"column":94}},{"start":{"line":308,"column":12},"end":{"line":308,"column":94}}],"line":308},"56":{"loc":{"start":{"line":309,"column":12},"end":{"line":309,"column":81}},"type":"if","locations":[{"start":{"line":309,"column":12},"end":{"line":309,"column":81}},{"start":{"line":309,"column":12},"end":{"line":309,"column":81}}],"line":309},"57":{"loc":{"start":{"line":311,"column":8},"end":{"line":314,"column":9}},"type":"if","locations":[{"start":{"line":311,"column":8},"end":{"line":314,"column":9}},{"start":{"line":311,"column":8},"end":{"line":314,"column":9}}],"line":311},"58":{"loc":{"start":{"line":312,"column":12},"end":{"line":312,"column":86}},"type":"if","locations":[{"start":{"line":312,"column":12},"end":{"line":312,"column":86}},{"start":{"line":312,"column":12},"end":{"line":312,"column":86}}],"line":312},"59":{"loc":{"start":{"line":313,"column":12},"end":{"line":313,"column":73}},"type":"if","locations":[{"start":{"line":313,"column":12},"end":{"line":313,"column":73}},{"start":{"line":313,"column":12},"end":{"line":313,"column":73}}],"line":313},"60":{"loc":{"start":{"line":318,"column":8},"end":{"line":318,"column":119}},"type":"if","locations":[{"start":{"line":318,"column":8},"end":{"line":318,"column":119}},{"start":{"line":318,"column":8},"end":{"line":318,"column":119}}],"line":318},"61":{"loc":{"start":{"line":319,"column":8},"end":{"line":319,"column":52}},"type":"if","locations":[{"start":{"line":319,"column":8},"end":{"line":319,"column":52}},{"start":{"line":319,"column":8},"end":{"line":319,"column":52}}],"line":319},"62":{"loc":{"start":{"line":320,"column":8},"end":{"line":320,"column":40}},"type":"if","locations":[{"start":{"line":320,"column":8},"end":{"line":320,"column":40}},{"start":{"line":320,"column":8},"end":{"line":320,"column":40}}],"line":320},"63":{"loc":{"start":{"line":324,"column":16},"end":{"line":324,"column":67}},"type":"if","locations":[{"start":{"line":324,"column":16},"end":{"line":324,"column":67}},{"start":{"line":324,"column":16},"end":{"line":324,"column":67}}],"line":324},"64":{"loc":{"start":{"line":335,"column":8},"end":{"line":335,"column":84}},"type":"if","locations":[{"start":{"line":335,"column":8},"end":{"line":335,"column":84}},{"start":{"line":335,"column":8},"end":{"line":335,"column":84}}],"line":335},"65":{"loc":{"start":{"line":336,"column":8},"end":{"line":336,"column":72}},"type":"if","locations":[{"start":{"line":336,"column":8},"end":{"line":336,"column":72}},{"start":{"line":336,"column":8},"end":{"line":336,"column":72}}],"line":336},"66":{"loc":{"start":{"line":338,"column":8},"end":{"line":338,"column":90}},"type":"if","locations":[{"start":{"line":338,"column":8},"end":{"line":338,"column":90}},{"start":{"line":338,"column":8},"end":{"line":338,"column":90}}],"line":338},"67":{"loc":{"start":{"line":339,"column":8},"end":{"line":339,"column":78}},"type":"if","locations":[{"start":{"line":339,"column":8},"end":{"line":339,"column":78}},{"start":{"line":339,"column":8},"end":{"line":339,"column":78}}],"line":339},"68":{"loc":{"start":{"line":341,"column":8},"end":{"line":341,"column":56}},"type":"if","locations":[{"start":{"line":341,"column":8},"end":{"line":341,"column":56}},{"start":{"line":341,"column":8},"end":{"line":341,"column":56}}],"line":341},"69":{"loc":{"start":{"line":342,"column":8},"end":{"line":342,"column":84}},"type":"if","locations":[{"start":{"line":342,"column":8},"end":{"line":342,"column":84}},{"start":{"line":342,"column":8},"end":{"line":342,"column":84}}],"line":342},"70":{"loc":{"start":{"line":346,"column":16},"end":{"line":346,"column":74}},"type":"if","locations":[{"start":{"line":346,"column":16},"end":{"line":346,"column":74}},{"start":{"line":346,"column":16},"end":{"line":346,"column":74}}],"line":346},"71":{"loc":{"start":{"line":350,"column":16},"end":{"line":351,"column":37}},"type":"if","locations":[{"start":{"line":350,"column":16},"end":{"line":351,"column":37}},{"start":{"line":350,"column":16},"end":{"line":351,"column":37}}],"line":350},"72":{"loc":{"start":{"line":356,"column":24},"end":{"line":356,"column":88}},"type":"if","locations":[{"start":{"line":356,"column":24},"end":{"line":356,"column":88}},{"start":{"line":356,"column":24},"end":{"line":356,"column":88}}],"line":356},"73":{"loc":{"start":{"line":369,"column":8},"end":{"line":369,"column":84}},"type":"if","locations":[{"start":{"line":369,"column":8},"end":{"line":369,"column":84}},{"start":{"line":369,"column":8},"end":{"line":369,"column":84}}],"line":369},"74":{"loc":{"start":{"line":370,"column":8},"end":{"line":370,"column":72}},"type":"if","locations":[{"start":{"line":370,"column":8},"end":{"line":370,"column":72}},{"start":{"line":370,"column":8},"end":{"line":370,"column":72}}],"line":370},"75":{"loc":{"start":{"line":372,"column":8},"end":{"line":372,"column":90}},"type":"if","locations":[{"start":{"line":372,"column":8},"end":{"line":372,"column":90}},{"start":{"line":372,"column":8},"end":{"line":372,"column":90}}],"line":372},"76":{"loc":{"start":{"line":373,"column":8},"end":{"line":373,"column":78}},"type":"if","locations":[{"start":{"line":373,"column":8},"end":{"line":373,"column":78}},{"start":{"line":373,"column":8},"end":{"line":373,"column":78}}],"line":373},"77":{"loc":{"start":{"line":377,"column":16},"end":{"line":377,"column":74}},"type":"if","locations":[{"start":{"line":377,"column":16},"end":{"line":377,"column":74}},{"start":{"line":377,"column":16},"end":{"line":377,"column":74}}],"line":377},"78":{"loc":{"start":{"line":381,"column":16},"end":{"line":382,"column":37}},"type":"if","locations":[{"start":{"line":381,"column":16},"end":{"line":382,"column":37}},{"start":{"line":381,"column":16},"end":{"line":382,"column":37}}],"line":381},"79":{"loc":{"start":{"line":397,"column":8},"end":{"line":397,"column":84}},"type":"if","locations":[{"start":{"line":397,"column":8},"end":{"line":397,"column":84}},{"start":{"line":397,"column":8},"end":{"line":397,"column":84}}],"line":397},"80":{"loc":{"start":{"line":398,"column":8},"end":{"line":398,"column":65}},"type":"if","locations":[{"start":{"line":398,"column":8},"end":{"line":398,"column":65}},{"start":{"line":398,"column":8},"end":{"line":398,"column":65}}],"line":398},"81":{"loc":{"start":{"line":400,"column":8},"end":{"line":400,"column":90}},"type":"if","locations":[{"start":{"line":400,"column":8},"end":{"line":400,"column":90}},{"start":{"line":400,"column":8},"end":{"line":400,"column":90}}],"line":400},"82":{"loc":{"start":{"line":401,"column":8},"end":{"line":401,"column":78}},"type":"if","locations":[{"start":{"line":401,"column":8},"end":{"line":401,"column":78}},{"start":{"line":401,"column":8},"end":{"line":401,"column":78}}],"line":401},"83":{"loc":{"start":{"line":403,"column":8},"end":{"line":403,"column":78}},"type":"if","locations":[{"start":{"line":403,"column":8},"end":{"line":403,"column":78}},{"start":{"line":403,"column":8},"end":{"line":403,"column":78}}],"line":403},"84":{"loc":{"start":{"line":404,"column":8},"end":{"line":404,"column":59}},"type":"if","locations":[{"start":{"line":404,"column":8},"end":{"line":404,"column":59}},{"start":{"line":404,"column":8},"end":{"line":404,"column":59}}],"line":404},"85":{"loc":{"start":{"line":408,"column":16},"end":{"line":408,"column":74}},"type":"if","locations":[{"start":{"line":408,"column":16},"end":{"line":408,"column":74}},{"start":{"line":408,"column":16},"end":{"line":408,"column":74}}],"line":408},"86":{"loc":{"start":{"line":412,"column":16},"end":{"line":413,"column":37}},"type":"if","locations":[{"start":{"line":412,"column":16},"end":{"line":413,"column":37}},{"start":{"line":412,"column":16},"end":{"line":413,"column":37}}],"line":412},"87":{"loc":{"start":{"line":418,"column":24},"end":{"line":418,"column":88}},"type":"if","locations":[{"start":{"line":418,"column":24},"end":{"line":418,"column":88}},{"start":{"line":418,"column":24},"end":{"line":418,"column":88}}],"line":418},"88":{"loc":{"start":{"line":431,"column":8},"end":{"line":431,"column":84}},"type":"if","locations":[{"start":{"line":431,"column":8},"end":{"line":431,"column":84}},{"start":{"line":431,"column":8},"end":{"line":431,"column":84}}],"line":431},"89":{"loc":{"start":{"line":432,"column":8},"end":{"line":432,"column":65}},"type":"if","locations":[{"start":{"line":432,"column":8},"end":{"line":432,"column":65}},{"start":{"line":432,"column":8},"end":{"line":432,"column":65}}],"line":432},"90":{"loc":{"start":{"line":434,"column":8},"end":{"line":434,"column":78}},"type":"if","locations":[{"start":{"line":434,"column":8},"end":{"line":434,"column":78}},{"start":{"line":434,"column":8},"end":{"line":434,"column":78}}],"line":434},"91":{"loc":{"start":{"line":435,"column":8},"end":{"line":435,"column":59}},"type":"if","locations":[{"start":{"line":435,"column":8},"end":{"line":435,"column":59}},{"start":{"line":435,"column":8},"end":{"line":435,"column":59}}],"line":435},"92":{"loc":{"start":{"line":439,"column":16},"end":{"line":439,"column":74}},"type":"if","locations":[{"start":{"line":439,"column":16},"end":{"line":439,"column":74}},{"start":{"line":439,"column":16},"end":{"line":439,"column":74}}],"line":439},"93":{"loc":{"start":{"line":451,"column":8},"end":{"line":451,"column":90}},"type":"if","locations":[{"start":{"line":451,"column":8},"end":{"line":451,"column":90}},{"start":{"line":451,"column":8},"end":{"line":451,"column":90}}],"line":451},"94":{"loc":{"start":{"line":452,"column":8},"end":{"line":452,"column":71}},"type":"if","locations":[{"start":{"line":452,"column":8},"end":{"line":452,"column":71}},{"start":{"line":452,"column":8},"end":{"line":452,"column":71}}],"line":452},"95":{"loc":{"start":{"line":456,"column":16},"end":{"line":456,"column":83}},"type":"if","locations":[{"start":{"line":456,"column":16},"end":{"line":456,"column":83}},{"start":{"line":456,"column":16},"end":{"line":456,"column":83}}],"line":456},"96":{"loc":{"start":{"line":462,"column":20},"end":{"line":462,"column":65}},"type":"if","locations":[{"start":{"line":462,"column":20},"end":{"line":462,"column":65}},{"start":{"line":462,"column":20},"end":{"line":462,"column":65}}],"line":462},"97":{"loc":{"start":{"line":480,"column":8},"end":{"line":480,"column":76}},"type":"if","locations":[{"start":{"line":480,"column":8},"end":{"line":480,"column":76}},{"start":{"line":480,"column":8},"end":{"line":480,"column":76}}],"line":480},"98":{"loc":{"start":{"line":481,"column":8},"end":{"line":481,"column":57}},"type":"if","locations":[{"start":{"line":481,"column":8},"end":{"line":481,"column":57}},{"start":{"line":481,"column":8},"end":{"line":481,"column":57}}],"line":481},"99":{"loc":{"start":{"line":485,"column":16},"end":{"line":485,"column":68}},"type":"if","locations":[{"start":{"line":485,"column":16},"end":{"line":485,"column":68}},{"start":{"line":485,"column":16},"end":{"line":485,"column":68}}],"line":485},"100":{"loc":{"start":{"line":497,"column":8},"end":{"line":497,"column":76}},"type":"if","locations":[{"start":{"line":497,"column":8},"end":{"line":497,"column":76}},{"start":{"line":497,"column":8},"end":{"line":497,"column":76}}],"line":497},"101":{"loc":{"start":{"line":498,"column":8},"end":{"line":498,"column":64}},"type":"if","locations":[{"start":{"line":498,"column":8},"end":{"line":498,"column":64}},{"start":{"line":498,"column":8},"end":{"line":498,"column":64}}],"line":498},"102":{"loc":{"start":{"line":502,"column":16},"end":{"line":502,"column":70}},"type":"if","locations":[{"start":{"line":502,"column":16},"end":{"line":502,"column":70}},{"start":{"line":502,"column":16},"end":{"line":502,"column":70}}],"line":502}},"s":{"0":1,"1":1,"2":1,"3":13,"4":5,"5":8,"6":1,"7":7,"8":5,"9":2,"10":1,"11":1,"12":0,"13":1,"14":0,"15":1,"16":0,"17":1,"18":0,"19":1,"20":0,"21":1,"22":0,"23":1,"24":0,"25":1,"26":1,"27":1,"28":0,"29":1,"30":1,"31":1,"32":14,"33":5,"34":9,"35":1,"36":8,"37":4,"38":4,"39":1,"40":3,"41":3,"42":3,"43":1,"44":2,"45":2,"46":1,"47":1,"48":6,"49":3,"50":3,"51":1,"52":2,"53":1,"54":0,"55":1,"56":1,"57":1,"58":7,"59":0,"60":7,"61":0,"62":7,"63":2,"64":5,"65":3,"66":2,"67":2,"68":0,"69":2,"70":2,"71":2,"72":71,"73":3,"74":68,"75":1,"76":67,"77":1,"78":66,"79":3,"80":63,"81":63,"82":0,"83":63,"84":63,"85":63,"86":63,"87":63,"88":2,"89":2,"90":0,"91":2,"92":2,"93":2,"94":2,"95":8,"96":5,"97":3,"98":1,"99":2,"100":1,"101":0,"102":1,"103":1,"104":1,"105":6,"106":3,"107":3,"108":1,"109":2,"110":1,"111":0,"112":1,"113":1,"114":1,"115":1,"116":1,"117":1,"118":19,"119":3,"120":16,"121":1,"122":15,"123":3,"124":12,"125":1,"126":11,"127":10,"128":0,"129":10,"130":1,"131":10,"132":9,"133":1,"134":9,"135":9,"136":8,"137":1,"138":5,"139":3,"140":2,"141":0,"142":2,"143":1,"144":0,"145":1,"146":1,"147":1,"148":1,"149":1,"150":1,"151":6,"152":3,"153":3,"154":1,"155":2,"156":2,"157":0,"158":2,"159":1,"160":1,"161":2,"162":10,"163":8,"164":3,"165":5,"166":1,"167":6,"168":1,"169":0,"170":1,"171":0,"172":6,"173":1,"174":0,"175":1,"176":0,"177":6,"178":6,"179":4,"180":6,"181":1,"182":6,"183":1,"184":6,"185":6,"186":0,"187":6,"188":6,"189":6,"190":6,"191":15,"192":3,"193":12,"194":2,"195":10,"196":2,"197":8,"198":1,"199":7,"200":0,"201":7,"202":3,"203":4,"204":3,"205":0,"206":3,"207":3,"208":3,"209":1,"210":2,"211":2,"212":2,"213":0,"214":2,"215":2,"216":2,"217":13,"218":3,"219":10,"220":1,"221":9,"222":3,"223":6,"224":1,"225":5,"226":4,"227":0,"228":4,"229":4,"230":4,"231":1,"232":3,"233":3,"234":3,"235":3,"236":3,"237":15,"238":3,"239":12,"240":1,"241":11,"242":3,"243":8,"244":1,"245":7,"246":3,"247":4,"248":1,"249":3,"250":2,"251":0,"252":2,"253":2,"254":2,"255":1,"256":1,"257":1,"258":1,"259":0,"260":1,"261":1,"262":1,"263":10,"264":3,"265":7,"266":1,"267":6,"268":3,"269":3,"270":1,"271":2,"272":1,"273":0,"274":1,"275":1,"276":1,"277":16,"278":9,"279":7,"280":3,"281":4,"282":1,"283":0,"284":1,"285":1,"286":1,"287":0,"288":1,"289":1,"290":1,"291":1,"292":1,"293":0,"294":1,"295":0,"296":1,"297":1,"298":0,"299":1,"300":1,"301":1,"302":1,"303":0,"304":1,"305":0,"306":1,"307":1,"308":0,"309":1,"310":1,"311":1,"312":1,"313":1,"314":1,"315":1},"f":{"0":13,"1":1,"2":14,"3":3,"4":6,"5":1,"6":7,"7":2,"8":71,"9":63,"10":63,"11":63,"12":2,"13":2,"14":2,"15":8,"16":1,"17":6,"18":1,"19":1,"20":1,"21":1,"22":19,"23":10,"24":1,"25":9,"26":5,"27":1,"28":1,"29":1,"30":1,"31":6,"32":2,"33":1,"34":10,"35":6,"36":6,"37":15,"38":3,"39":3,"40":2,"41":2,"42":13,"43":4,"44":4,"45":3,"46":3,"47":3,"48":15,"49":2,"50":2,"51":1,"52":1,"53":10,"54":1,"55":16,"56":1,"57":1,"58":1,"59":1,"60":1,"61":1,"62":1,"63":1,"64":1,"65":1,"66":1},"b":{"0":[5,8],"1":[1,7],"2":[5,2],"3":[1,1],"4":[0,1],"5":[0,1],"6":[0,1],"7":[0,1],"8":[0,1],"9":[0,1],"10":[0,1],"11":[0,1],"12":[5,9],"13":[1,8],"14":[4,4],"15":[1,3],"16":[1,2],"17":[1,1],"18":[3,3],"19":[1,2],"20":[0,1],"21":[0,7],"22":[0,7],"23":[2,5],"24":[3,2],"25":[0,2],"26":[3,68],"27":[1,67],"28":[1,66],"29":[3,63],"30":[0,63],"31":[0,2],"32":[5,3],"33":[1,2],"34":[0,1],"35":[3,3],"36":[1,2],"37":[0,1],"38":[3,16],"39":[1,15],"40":[3,12],"41":[1,11],"42":[0,10],"43":[9,1],"44":[8,1],"45":[3,2],"46":[0,2],"47":[0,1],"48":[3,3],"49":[1,2],"50":[0,2],"51":[8,2],"52":[3,5],"53":[1,4],"54":[1,5],"55":[0,1],"56":[0,1],"57":[1,5],"58":[0,1],"59":[0,1],"60":[4,2],"61":[1,5],"62":[1,5],"63":[0,6],"64":[3,12],"65":[2,10],"66":[2,8],"67":[1,7],"68":[0,7],"69":[3,4],"70":[0,3],"71":[1,2],"72":[0,2],"73":[3,10],"74":[1,9],"75":[3,6],"76":[1,5],"77":[0,4],"78":[1,3],"79":[3,12],"80":[1,11],"81":[3,8],"82":[1,7],"83":[3,4],"84":[1,3],"85":[0,2],"86":[1,1],"87":[0,1],"88":[3,7],"89":[1,6],"90":[3,3],"91":[1,2],"92":[0,1],"93":[9,7],"94":[3,4],"95":[0,1],"96":[0,1],"97":[0,1],"98":[0,1],"99":[0,1],"100":[0,1],"101":[0,1],"102":[0,1]},"_coverageSchema":"43e27e138ebf9cfc5966b082cf9a028302ed4184","hash":"2ec25597bd1e7db5471e1076cf18d3a15d6c2f1e","contentHash":"6fab08eda08c9599adcaa5c2dd3665cde26997a9ae8851ce13713a22b5ab1b0c"},"C:\\Users\\Usuario\\bootcamp\\collab\\skylab-bootcamp-201901\\staff\\sergio-costa\\arshop\\arshop-api\\src\\token-helper\\index.spec.js":{"path":"C:\\Users\\Usuario\\bootcamp\\collab\\skylab-bootcamp-201901\\staff\\sergio-costa\\arshop\\arshop-api\\src\\token-helper\\index.spec.js","statementMap":{},"fnMap":{},"branchMap":{},"s":{},"f":{},"b":{},"_coverageSchema":"43e27e138ebf9cfc5966b082cf9a028302ed4184","hash":"266e95e565b1d7acf1e3c9003594c6f543625813","contentHash":"196e6efa3ec511fcb0782f283ee4fbe195e3f09800524a01d844018a27d48385"}}